0 verbose cli /Users/sharabf/.local/share/mise/installs/node/18.20.2/bin/node /Users/sharabf/.local/share/mise/installs/node/18.20.2/lib/node_modules/npm/bin/npm-cli.js
1 info using npm@10.5.0
2 info using node@v18.20.2
3 timing npm:load:whichnode Completed in 0ms
4 timing config:load:defaults Completed in 2ms
5 timing config:load:file:/Users/sharabf/.local/share/mise/installs/node/18.20.2/lib/node_modules/npm/npmrc Completed in 0ms
6 timing config:load:builtin Completed in 0ms
7 timing config:load:cli Completed in 1ms
8 timing config:load:env Completed in 0ms
9 timing config:load:file:/Users/sharabf/workplace/My projects/AnonKonnect-1a7c89661c2b64282818f8f2acb0641d65f439d6/.npmrc Completed in 0ms
10 timing config:load:project Completed in 1ms
11 timing config:load:file:/Users/sharabf/.npmrc Completed in 0ms
12 timing config:load:user Completed in 1ms
13 timing config:load:file:/Users/sharabf/.local/share/mise/installs/node/18.20.2/etc/npmrc Completed in 0ms
14 timing config:load:global Completed in 0ms
15 timing config:load:setEnvs Completed in 0ms
16 timing config:load Completed in 5ms
17 timing npm:load:configload Completed in 5ms
18 timing config:load:flatten Completed in 1ms
19 timing npm:load:mkdirpcache Completed in 0ms
20 timing npm:load:mkdirplogs Completed in 0ms
21 verbose title npm install pdfkit multer
22 verbose argv "install" "pdfkit" "multer" "--cache" ".npm-cache"
23 timing npm:load:setTitle Completed in 1ms
24 timing npm:load:display Completed in 0ms
25 verbose logfile logs-max:10 dir:/Users/sharabf/workplace/My projects/AnonKonnect-1a7c89661c2b64282818f8f2acb0641d65f439d6/.npm-cache/_logs/2026-03-27T07_24_53_527Z-
26 verbose logfile /Users/sharabf/workplace/My projects/AnonKonnect-1a7c89661c2b64282818f8f2acb0641d65f439d6/.npm-cache/_logs/2026-03-27T07_24_53_527Z-debug-0.log
27 timing npm:load:logFile Completed in 3ms
28 timing npm:load:timers Completed in 0ms
29 timing npm:load:configScope Completed in 0ms
30 timing npm:load Completed in 14ms
31 timing arborist:ctor Completed in 1ms
32 silly logfile done cleaning log files
33 timing idealTree:init Completed in 25ms
34 timing idealTree:userRequests Completed in 0ms
35 silly idealTree buildDeps
36 silly fetch manifest pdfkit@*
37 timing arborist:ctor Completed in 0ms
38 http fetch GET 200 https://registry.npmjs.org/pdfkit 100ms (cache miss)
39 silly fetch manifest multer@*
40 http fetch GET 200 https://registry.npmjs.org/multer 47ms (cache miss)
41 silly placeDep ROOT multer@2.1.1 OK for: anonkonnect@1.0.0 want: *
42 silly placeDep ROOT pdfkit@0.18.0 OK for: anonkonnect@1.0.0 want: *
43 silly fetch manifest append-field@^1.0.0
44 silly fetch manifest busboy@^1.6.0
45 silly fetch manifest concat-stream@^2.0.0
46 silly fetch manifest type-is@^1.6.18
47 silly fetch manifest @noble/ciphers@^1.0.0
48 silly fetch manifest @noble/hashes@^1.6.0
49 silly fetch manifest fontkit@^2.0.4
50 silly fetch manifest js-md5@^0.8.3
51 silly fetch manifest linebreak@^1.1.0
52 silly fetch manifest png-js@^1.0.0
53 http fetch GET 200 https://registry.npmjs.org/append-field 49ms (cache miss)
54 http fetch GET 200 https://registry.npmjs.org/concat-stream 73ms (cache miss)
55 http fetch GET 200 https://registry.npmjs.org/type-is 79ms (cache miss)
56 http fetch GET 200 https://registry.npmjs.org/js-md5 80ms (cache miss)
57 http fetch GET 200 https://registry.npmjs.org/busboy 86ms (cache miss)
58 http fetch GET 200 https://registry.npmjs.org/fontkit 85ms (cache miss)
59 http fetch GET 200 https://registry.npmjs.org/@noble%2fhashes 95ms (cache miss)
60 http fetch GET 200 https://registry.npmjs.org/png-js 213ms (cache miss)
61 http fetch GET 200 https://registry.npmjs.org/@noble%2fciphers 223ms (cache miss)
62 http fetch GET 200 https://registry.npmjs.org/linebreak 1112ms (cache miss)
63 timing idealTree:#root Completed in 1269ms
64 silly placeDep ROOT append-field@1.0.0 OK for: multer@2.1.1 want: ^1.0.0
65 silly placeDep ROOT busboy@1.6.0 OK for: multer@2.1.1 want: ^1.6.0
66 silly placeDep ROOT concat-stream@2.0.0 OK for: multer@2.1.1 want: ^2.0.0
67 silly placeDep node_modules/multer type-is@1.6.18 OK for: multer@2.1.1 want: ^1.6.18
68 silly fetch manifest streamsearch@^1.1.0
69 silly fetch manifest buffer-from@^1.0.0
70 silly fetch manifest readable-stream@^3.0.2
71 silly fetch manifest typedarray@^0.0.6
72 silly fetch manifest mime-types@~2.1.24
73 silly fetch manifest media-typer@0.3.0
74 http fetch GET 200 https://registry.npmjs.org/media-typer 31ms (cache miss)
75 http fetch GET 200 https://registry.npmjs.org/buffer-from 33ms (cache miss)
76 http fetch GET 200 https://registry.npmjs.org/typedarray 33ms (cache miss)
77 http fetch GET 200 https://registry.npmjs.org/readable-stream 36ms (cache miss)
78 http fetch GET 200 https://registry.npmjs.org/mime-types 41ms (cache miss)
79 http fetch GET 200 https://registry.npmjs.org/streamsearch 878ms (cache miss)
80 timing idealTree:node_modules/multer Completed in 882ms
81 timing idealTree:node_modules/append-field Completed in 0ms
82 silly placeDep ROOT streamsearch@1.1.0 OK for: busboy@1.6.0 want: ^1.1.0
83 timing idealTree:node_modules/busboy Completed in 1ms
84 silly placeDep ROOT buffer-from@1.1.2 OK for: concat-stream@2.0.0 want: ^1.0.0
85 silly placeDep ROOT readable-stream@3.6.2 OK for: concat-stream@2.0.0 want: ^3.0.2
86 silly placeDep ROOT typedarray@0.0.6 OK for: concat-stream@2.0.0 want: ^0.0.6
87 silly fetch manifest string_decoder@^1.1.1
88 silly fetch manifest util-deprecate@^1.0.1
89 http fetch GET 200 https://registry.npmjs.org/util-deprecate 35ms (cache miss)
90 http fetch GET 200 https://registry.npmjs.org/string_decoder 48ms (cache miss)
91 timing idealTree:node_modules/concat-stream Completed in 51ms
92 timing idealTree:node_modules/buffer-from Completed in 0ms
93 silly placeDep ROOT @noble/ciphers@1.3.0 OK for: pdfkit@0.18.0 want: ^1.0.0
94 silly placeDep ROOT @noble/hashes@1.8.0 OK for: pdfkit@0.18.0 want: ^1.6.0
95 silly placeDep ROOT fontkit@2.0.4 OK for: pdfkit@0.18.0 want: ^2.0.4
96 silly placeDep ROOT js-md5@0.8.3 OK for: pdfkit@0.18.0 want: ^0.8.3
97 silly placeDep ROOT linebreak@1.1.0 OK for: pdfkit@0.18.0 want: ^1.1.0
98 silly placeDep ROOT png-js@1.0.0 OK for: pdfkit@0.18.0 want: ^1.0.0
99 silly fetch manifest @swc/helpers@^0.5.12
100 silly fetch manifest brotli@^1.3.2
101 silly fetch manifest clone@^2.1.2
102 silly fetch manifest dfa@^1.2.0
103 silly fetch manifest fast-deep-equal@^3.1.3
104 silly fetch manifest restructure@^3.0.0
105 silly fetch manifest tiny-inflate@^1.0.3
106 silly fetch manifest unicode-properties@^1.4.0
107 silly fetch manifest unicode-trie@^2.0.0
108 silly fetch manifest base64-js@0.0.8
109 http fetch GET 200 https://registry.npmjs.org/dfa 43ms (cache miss)
110 http fetch GET 200 https://registry.npmjs.org/brotli 45ms (cache miss)
111 http fetch GET 200 https://registry.npmjs.org/fast-deep-equal 43ms (cache miss)
112 http fetch GET 200 https://registry.npmjs.org/restructure 43ms (cache miss)
113 http fetch GET 200 https://registry.npmjs.org/unicode-properties 43ms (cache miss)
114 http fetch GET 200 https://registry.npmjs.org/tiny-inflate 47ms (cache miss)
115 http fetch GET 200 https://registry.npmjs.org/clone 51ms (cache miss)
116 http fetch GET 200 https://registry.npmjs.org/@swc%2fhelpers 55ms (cache miss)
117 http fetch GET 200 https://registry.npmjs.org/base64-js 53ms (cache miss)
118 http fetch GET 200 https://registry.npmjs.org/unicode-trie 54ms (cache miss)
119 timing idealTree:node_modules/pdfkit Completed in 79ms
120 timing idealTree:node_modules/@noble/ciphers Completed in 0ms
121 timing idealTree:node_modules/@noble/hashes Completed in 0ms
122 silly placeDep ROOT @swc/helpers@0.5.20 OK for: fontkit@2.0.4 want: ^0.5.12
123 silly placeDep ROOT brotli@1.3.3 OK for: fontkit@2.0.4 want: ^1.3.2
124 silly placeDep ROOT clone@2.1.2 OK for: fontkit@2.0.4 want: ^2.1.2
125 silly placeDep ROOT dfa@1.2.0 OK for: fontkit@2.0.4 want: ^1.2.0
126 silly placeDep ROOT fast-deep-equal@3.1.3 OK for: fontkit@2.0.4 want: ^3.1.3
127 silly placeDep ROOT restructure@3.0.2 OK for: fontkit@2.0.4 want: ^3.0.0
128 silly placeDep ROOT tiny-inflate@1.0.3 OK for: fontkit@2.0.4 want: ^1.0.3
129 silly placeDep ROOT unicode-properties@1.4.1 OK for: fontkit@2.0.4 want: ^1.4.0
130 silly placeDep ROOT unicode-trie@2.0.0 OK for: fontkit@2.0.4 want: ^2.0.0
131 silly fetch manifest tslib@^2.8.0
132 silly fetch manifest base64-js@^1.1.2
133 silly fetch manifest base64-js@^1.3.0
134 silly fetch manifest pako@^0.2.5
135 http fetch GET 200 https://registry.npmjs.org/pako 28ms (cache miss)
136 http fetch GET 200 https://registry.npmjs.org/tslib 31ms (cache miss)
137 timing idealTree:node_modules/fontkit Completed in 36ms
138 silly placeDep ROOT tslib@2.8.1 OK for: @swc/helpers@0.5.20 want: ^2.8.0
139 timing idealTree:node_modules/@swc/helpers Completed in 0ms
140 silly placeDep ROOT base64-js@1.5.1 OK for: brotli@1.3.3 want: ^1.1.2
141 timing idealTree:node_modules/brotli Completed in 0ms
142 timing idealTree:node_modules/base64-js Completed in 0ms
143 timing idealTree:node_modules/clone Completed in 0ms
144 timing idealTree:node_modules/dfa Completed in 0ms
145 timing idealTree:node_modules/fast-deep-equal Completed in 0ms
146 timing idealTree:node_modules/js-md5 Completed in 0ms
147 silly placeDep node_modules/linebreak base64-js@0.0.8 OK for: linebreak@1.1.0 want: 0.0.8
148 timing idealTree:node_modules/linebreak Completed in 0ms
149 timing idealTree:node_modules/png-js Completed in 0ms
150 silly placeDep ROOT string_decoder@1.3.0 OK for: readable-stream@3.6.2 want: ^1.1.1
151 silly placeDep ROOT util-deprecate@1.0.2 OK for: readable-stream@3.6.2 want: ^1.0.1
152 silly fetch manifest safe-buffer@~5.2.0
153 http fetch GET 200 https://registry.npmjs.org/safe-buffer 41ms (cache miss)
154 timing idealTree:node_modules/readable-stream Completed in 43ms
155 timing idealTree:node_modules/restructure Completed in 0ms
156 timing idealTree:node_modules/streamsearch Completed in 0ms
157 silly placeDep ROOT safe-buffer@5.2.1 OK for: string_decoder@1.3.0 want: ~5.2.0
158 timing idealTree:node_modules/string_decoder Completed in 0ms
159 timing idealTree:node_modules/safe-buffer Completed in 0ms
160 timing idealTree:node_modules/tiny-inflate Completed in 0ms
161 timing idealTree:node_modules/tslib Completed in 0ms
162 timing idealTree:node_modules/typedarray Completed in 0ms
163 timing idealTree:node_modules/unicode-properties Completed in 0ms
164 silly placeDep ROOT pako@0.2.9 OK for: unicode-trie@2.0.0 want: ^0.2.5
165 timing idealTree:node_modules/unicode-trie Completed in 1ms
166 timing idealTree:node_modules/pako Completed in 0ms
167 timing idealTree:node_modules/util-deprecate Completed in 0ms
168 timing idealTree:node_modules/linebreak/node_modules/base64-js Completed in 0ms
169 silly placeDep node_modules/multer media-typer@0.3.0 OK for: type-is@1.6.18 want: 0.3.0
170 silly placeDep node_modules/multer mime-types@2.1.35 OK for: type-is@1.6.18 want: ~2.1.24
171 silly fetch manifest mime-db@1.52.0
172 http fetch GET 200 https://registry.npmjs.org/mime-db 26ms (cache miss)
173 timing idealTree:node_modules/multer/node_modules/type-is Completed in 28ms
174 timing idealTree:node_modules/multer/node_modules/media-typer Completed in 0ms
175 silly placeDep node_modules/multer mime-db@1.52.0 OK for: mime-types@2.1.35 want: 1.52.0
176 timing idealTree:node_modules/multer/node_modules/mime-types Completed in 1ms
177 timing idealTree:node_modules/multer/node_modules/mime-db Completed in 0ms
178 timing idealTree:buildDeps Completed in 2392ms
179 timing idealTree:fixDepFlags Completed in 0ms
180 timing idealTree Completed in 2419ms
181 timing reify:loadTrees Completed in 2419ms
182 timing reify:diffTrees Completed in 2ms
183 silly reify moves {}
184 timing reify:retireShallow Completed in 1ms
185 timing reify:createSparse Completed in 2ms
186 timing reify:loadBundles Completed in 0ms
187 silly audit bulk request {
187 silly audit   '@redis/bloom': [ '1.2.0' ],
187 silly audit   '@redis/client': [ '1.6.1' ],
187 silly audit   '@redis/graph': [ '1.1.1' ],
187 silly audit   '@redis/json': [ '1.0.7' ],
187 silly audit   '@redis/search': [ '1.2.0' ],
187 silly audit   '@redis/time-series': [ '1.1.0' ],
187 silly audit   '@socket.io/component-emitter': [ '3.1.2' ],
187 silly audit   '@socket.io/redis-adapter': [ '8.3.0' ],
187 silly audit   debug: [ '4.3.7', '4.4.3' ],
187 silly audit   '@types/cors': [ '2.8.19' ],
187 silly audit   '@types/node': [ '25.5.0' ],
187 silly audit   '@types/ws': [ '8.18.1' ],
187 silly audit   accepts: [ '2.0.0', '1.3.8' ],
187 silly audit   base64id: [ '2.0.0' ],
187 silly audit   'body-parser': [ '2.2.2' ],
187 silly audit   bytes: [ '3.1.2' ],
187 silly audit   'call-bind-apply-helpers': [ '1.0.2' ],
187 silly audit   'call-bound': [ '1.0.4' ],
187 silly audit   'cluster-key-slot': [ '1.1.2' ],
187 silly audit   'content-disposition': [ '1.0.1' ],
187 silly audit   'content-type': [ '1.0.5' ],
187 silly audit   cookie: [ '0.7.2' ],
187 silly audit   'cookie-signature': [ '1.2.2' ],
187 silly audit   cors: [ '2.8.6' ],
187 silly audit   depd: [ '2.0.0' ],
187 silly audit   dotenv: [ '17.3.1' ],
187 silly audit   'dunder-proto': [ '1.0.1' ],
187 silly audit   'ee-first': [ '1.1.1' ],
187 silly audit   encodeurl: [ '2.0.0' ],
187 silly audit   'engine.io': [ '6.6.6' ],
187 silly audit   'engine.io-parser': [ '5.2.3' ],
187 silly audit   'mime-db': [ '1.52.0', '1.54.0' ],
187 silly audit   'mime-types': [ '2.1.35', '3.0.2' ],
187 silly audit   negotiator: [ '0.6.3', '1.0.0' ],
187 silly audit   'es-define-property': [ '1.0.1' ],
187 silly audit   'es-errors': [ '1.3.0' ],
187 silly audit   'es-object-atoms': [ '1.1.1' ],
187 silly audit   'escape-html': [ '1.0.3' ],
187 silly audit   etag: [ '1.8.1' ],
187 silly audit   express: [ '5.2.1' ],
187 silly audit   'express-rate-limit': [ '8.3.1' ],
187 silly audit   finalhandler: [ '2.1.1' ],
187 silly audit   forwarded: [ '0.2.0' ],
187 silly audit   fresh: [ '2.0.0' ],
187 silly audit   'function-bind': [ '1.1.2' ],
187 silly audit   'generic-pool': [ '3.9.0' ],
187 silly audit   'get-intrinsic': [ '1.3.0' ],
187 silly audit   'get-proto': [ '1.0.1' ],
187 silly audit   gopd: [ '1.2.0' ],
187 silly audit   'has-symbols': [ '1.1.0' ],
187 silly audit   hasown: [ '2.0.2' ],
187 silly audit   'http-errors': [ '2.0.1' ],
187 silly audit   'iconv-lite': [ '0.7.2' ],
187 silly audit   inherits: [ '2.0.4' ],
187 silly audit   'ip-address': [ '10.1.0' ],
187 silly audit   'ipaddr.js': [ '1.9.1' ],
187 silly audit   'is-promise': [ '4.0.0' ],
187 silly audit   'math-intrinsics': [ '1.1.0' ],
187 silly audit   'media-typer': [ '1.1.0', '0.3.0' ],
187 silly audit   'merge-descriptors': [ '2.0.0' ],
187 silly audit   ms: [ '2.1.3' ],
187 silly audit   'notepack.io': [ '3.0.1' ],
187 silly audit   'object-assign': [ '4.1.1' ],
187 silly audit   'object-inspect': [ '1.13.4' ],
187 silly audit   'on-finished': [ '2.4.1' ],
187 silly audit   once: [ '1.4.0' ],
187 silly audit   parseurl: [ '1.3.3' ],
187 silly audit   'path-to-regexp': [ '8.3.0' ],
187 silly audit   'proxy-addr': [ '2.0.7' ],
187 silly audit   qs: [ '6.15.0' ],
187 silly audit   'range-parser': [ '1.2.1' ],
187 silly audit   'raw-body': [ '3.0.2' ],
187 silly audit   redis: [ '4.7.1' ],
187 silly audit   router: [ '2.2.0' ],
187 silly audit   'safer-buffer': [ '2.1.2' ],
187 silly audit   send: [ '1.2.1' ],
187 silly audit   'serve-static': [ '2.2.1' ],
187 silly audit   setprototypeof: [ '1.2.0' ],
187 silly audit   'side-channel': [ '1.1.0' ],
187 silly audit   'side-channel-list': [ '1.0.0' ],
187 silly audit   'side-channel-map': [ '1.0.1' ],
187 silly audit   'side-channel-weakmap': [ '1.0.2' ],
187 silly audit   'socket.io': [ '4.8.3' ],
187 silly audit   'socket.io-adapter': [ '2.5.6' ],
187 silly audit   'socket.io-parser': [ '4.2.5' ],
187 silly audit   statuses: [ '2.0.2' ],
187 silly audit   toidentifier: [ '1.0.1' ],
187 silly audit   'type-is': [ '2.0.1', '1.6.18' ],
187 silly audit   uid2: [ '1.0.0' ],
187 silly audit   'undici-types': [ '7.18.2' ],
187 silly audit   unpipe: [ '1.0.0' ],
187 silly audit   uuid: [ '13.0.0' ],
187 silly audit   vary: [ '1.1.2' ],
187 silly audit   wrappy: [ '1.0.2' ],
187 silly audit   ws: [ '8.18.3' ],
187 silly audit   yallist: [ '4.0.0' ],
187 silly audit   multer: [ '2.1.1' ],
187 silly audit   pdfkit: [ '0.18.0' ],
187 silly audit   'append-field': [ '1.0.0' ],
187 silly audit   busboy: [ '1.6.0' ],
187 silly audit   'concat-stream': [ '2.0.0' ],
187 silly audit   streamsearch: [ '1.1.0' ],
187 silly audit   'buffer-from': [ '1.1.2' ],
187 silly audit   'readable-stream': [ '3.6.2' ],
187 silly audit   typedarray: [ '0.0.6' ],
187 silly audit   '@noble/ciphers': [ '1.3.0' ],
187 silly audit   '@noble/hashes': [ '1.8.0' ],
187 silly audit   fontkit: [ '2.0.4' ],
187 silly audit   'js-md5': [ '0.8.3' ],
187 silly audit   linebreak: [ '1.1.0' ],
187 silly audit   'png-js': [ '1.0.0' ],
187 silly audit   '@swc/helpers': [ '0.5.20' ],
187 silly audit   brotli: [ '1.3.3' ],
187 silly audit   clone: [ '2.1.2' ],
187 silly audit   dfa: [ '1.2.0' ],
187 silly audit   'fast-deep-equal': [ '3.1.3' ],
187 silly audit   restructure: [ '3.0.2' ],
187 silly audit   'tiny-inflate': [ '1.0.3' ],
187 silly audit   'unicode-properties': [ '1.4.1' ],
187 silly audit   'unicode-trie': [ '2.0.0' ],
187 silly audit   tslib: [ '2.8.1' ],
187 silly audit   'base64-js': [ '1.5.1', '0.0.8' ],
187 silly audit   string_decoder: [ '1.3.0' ],
187 silly audit   'util-deprecate': [ '1.0.2' ],
187 silly audit   'safe-buffer': [ '5.2.1' ],
187 silly audit   pako: [ '0.2.9' ]
187 silly audit }
188 silly tarball no local data for pako@https://registry.npmjs.org/pako/-/pako-0.2.9.tgz. Extracting by manifest.
189 silly tarball no local data for safe-buffer@https://registry.npmjs.org/safe-buffer/-/safe-buffer-5.2.1.tgz. Extracting by manifest.
190 silly tarball no local data for string_decoder@https://registry.npmjs.org/string_decoder/-/string_decoder-1.3.0.tgz. Extracting by manifest.
191 silly tarball no local data for util-deprecate@https://registry.npmjs.org/util-deprecate/-/util-deprecate-1.0.2.tgz. Extracting by manifest.
192 silly tarball no local data for tslib@https://registry.npmjs.org/tslib/-/tslib-2.8.1.tgz. Extracting by manifest.
193 silly tarball no local data for base64-js@https://registry.npmjs.org/base64-js/-/base64-js-1.5.1.tgz. Extracting by manifest.
194 silly tarball no local data for unicode-trie@https://registry.npmjs.org/unicode-trie/-/unicode-trie-2.0.0.tgz. Extracting by manifest.
195 silly tarball no local data for unicode-properties@https://registry.npmjs.org/unicode-properties/-/unicode-properties-1.4.1.tgz. Extracting by manifest.
196 silly tarball no local data for restructure@https://registry.npmjs.org/restructure/-/restructure-3.0.2.tgz. Extracting by manifest.
197 silly tarball no local data for tiny-inflate@https://registry.npmjs.org/tiny-inflate/-/tiny-inflate-1.0.3.tgz. Extracting by manifest.
198 silly tarball no local data for fast-deep-equal@https://registry.npmjs.org/fast-deep-equal/-/fast-deep-equal-3.1.3.tgz. Extracting by manifest.
199 silly tarball no local data for dfa@https://registry.npmjs.org/dfa/-/dfa-1.2.0.tgz. Extracting by manifest.
200 silly tarball no local data for brotli@https://registry.npmjs.org/brotli/-/brotli-1.3.3.tgz. Extracting by manifest.
201 silly tarball no local data for clone@https://registry.npmjs.org/clone/-/clone-2.1.2.tgz. Extracting by manifest.
202 silly tarball no local data for @swc/helpers@https://registry.npmjs.org/@swc/helpers/-/helpers-0.5.20.tgz. Extracting by manifest.
203 silly tarball no local data for png-js@https://registry.npmjs.org/png-js/-/png-js-1.0.0.tgz. Extracting by manifest.
204 silly tarball no local data for linebreak@https://registry.npmjs.org/linebreak/-/linebreak-1.1.0.tgz. Extracting by manifest.
205 silly tarball no local data for js-md5@https://registry.npmjs.org/js-md5/-/js-md5-0.8.3.tgz. Extracting by manifest.
206 silly tarball no local data for fontkit@https://registry.npmjs.org/fontkit/-/fontkit-2.0.4.tgz. Extracting by manifest.
207 silly tarball no local data for @noble/hashes@https://registry.npmjs.org/@noble/hashes/-/hashes-1.8.0.tgz. Extracting by manifest.
208 silly tarball no local data for @noble/ciphers@https://registry.npmjs.org/@noble/ciphers/-/ciphers-1.3.0.tgz. Extracting by manifest.
209 silly tarball no local data for readable-stream@https://registry.npmjs.org/readable-stream/-/readable-stream-3.6.2.tgz. Extracting by manifest.
210 silly tarball no local data for streamsearch@https://registry.npmjs.org/streamsearch/-/streamsearch-1.1.0.tgz. Extracting by manifest.
211 silly tarball no local data for buffer-from@https://registry.npmjs.org/buffer-from/-/buffer-from-1.1.2.tgz. Extracting by manifest.
212 silly tarball no local data for concat-stream@https://registry.npmjs.org/concat-stream/-/concat-stream-2.0.0.tgz. Extracting by manifest.
213 silly tarball no local data for append-field@https://registry.npmjs.org/append-field/-/append-field-1.0.0.tgz. Extracting by manifest.
214 silly tarball no local data for pdfkit@https://registry.npmjs.org/pdfkit/-/pdfkit-0.18.0.tgz. Extracting by manifest.
215 silly tarball no local data for base64-js@https://registry.npmjs.org/base64-js/-/base64-js-0.0.8.tgz. Extracting by manifest.
216 silly tarball no local data for typedarray@https://registry.npmjs.org/typedarray/-/typedarray-0.0.6.tgz. Extracting by manifest.
217 silly tarball no local data for multer@https://registry.npmjs.org/multer/-/multer-2.1.1.tgz. Extracting by manifest.
218 silly tarball no local data for media-typer@https://registry.npmjs.org/media-typer/-/media-typer-0.3.0.tgz. Extracting by manifest.
219 silly tarball no local data for mime-db@https://registry.npmjs.org/mime-db/-/mime-db-1.52.0.tgz. Extracting by manifest.
220 silly tarball no local data for busboy@https://registry.npmjs.org/busboy/-/busboy-1.6.0.tgz. Extracting by manifest.
221 silly tarball no local data for mime-types@https://registry.npmjs.org/mime-types/-/mime-types-2.1.35.tgz. Extracting by manifest.
222 silly tarball no local data for type-is@https://registry.npmjs.org/type-is/-/type-is-1.6.18.tgz. Extracting by manifest.
223 http fetch GET 200 https://registry.npmjs.org/base64-js/-/base64-js-1.5.1.tgz 57ms (cache miss)
224 timing reifyNode:node_modules/base64-js Completed in 69ms
225 http fetch GET 200 https://registry.npmjs.org/safe-buffer/-/safe-buffer-5.2.1.tgz 59ms (cache miss)
226 timing reifyNode:node_modules/safe-buffer Completed in 70ms
227 http fetch GET 200 https://registry.npmjs.org/string_decoder/-/string_decoder-1.3.0.tgz 60ms (cache miss)
228 timing reifyNode:node_modules/string_decoder Completed in 71ms
229 http fetch GET 200 https://registry.npmjs.org/unicode-trie/-/unicode-trie-2.0.0.tgz 60ms (cache miss)
230 timing reifyNode:node_modules/unicode-trie Completed in 72ms
231 http fetch GET 200 https://registry.npmjs.org/tslib/-/tslib-2.8.1.tgz 61ms (cache miss)
232 timing reifyNode:node_modules/tslib Completed in 73ms
233 http fetch GET 200 https://registry.npmjs.org/unicode-properties/-/unicode-properties-1.4.1.tgz 63ms (cache miss)
234 timing reifyNode:node_modules/unicode-properties Completed in 76ms
235 http fetch GET 200 https://registry.npmjs.org/util-deprecate/-/util-deprecate-1.0.2.tgz 67ms (cache miss)
236 timing reifyNode:node_modules/util-deprecate Completed in 78ms
237 http fetch GET 200 https://registry.npmjs.org/restructure/-/restructure-3.0.2.tgz 66ms (cache miss)
238 timing reifyNode:node_modules/restructure Completed in 79ms
239 http fetch GET 200 https://registry.npmjs.org/pako/-/pako-0.2.9.tgz 76ms (cache miss)
240 timing reifyNode:node_modules/pako Completed in 86ms
241 http fetch GET 200 https://registry.npmjs.org/streamsearch/-/streamsearch-1.1.0.tgz 145ms (cache miss)
242 timing reifyNode:node_modules/streamsearch Completed in 162ms
243 http fetch GET 200 https://registry.npmjs.org/tiny-inflate/-/tiny-inflate-1.0.3.tgz 160ms (cache miss)
244 timing reifyNode:node_modules/tiny-inflate Completed in 173ms
245 http fetch GET 200 https://registry.npmjs.org/linebreak/-/linebreak-1.1.0.tgz 164ms (cache miss)
246 timing reifyNode:node_modules/linebreak Completed in 179ms
247 http fetch GET 200 https://registry.npmjs.org/busboy/-/busboy-1.6.0.tgz 160ms (cache miss)
248 timing reifyNode:node_modules/busboy Completed in 184ms
249 http fetch GET 200 https://registry.npmjs.org/media-typer/-/media-typer-0.3.0.tgz 174ms (cache miss)
250 timing reifyNode:node_modules/multer/node_modules/media-typer Completed in 194ms
251 http fetch GET 200 https://registry.npmjs.org/typedarray/-/typedarray-0.0.6.tgz 182ms (cache miss)
252 timing reifyNode:node_modules/typedarray Completed in 201ms
253 http fetch GET 200 https://registry.npmjs.org/base64-js/-/base64-js-0.0.8.tgz 184ms (cache miss)
254 timing reifyNode:node_modules/linebreak/node_modules/base64-js Completed in 203ms
255 http fetch GET 200 https://registry.npmjs.org/buffer-from/-/buffer-from-1.1.2.tgz 186ms (cache miss)
256 timing reifyNode:node_modules/buffer-from Completed in 203ms
257 http fetch GET 200 https://registry.npmjs.org/clone/-/clone-2.1.2.tgz 189ms (cache miss)
258 timing reifyNode:node_modules/clone Completed in 203ms
259 http fetch GET 200 https://registry.npmjs.org/readable-stream/-/readable-stream-3.6.2.tgz 196ms (cache miss)
260 timing reifyNode:node_modules/readable-stream Completed in 213ms
261 http fetch GET 200 https://registry.npmjs.org/append-field/-/append-field-1.0.0.tgz 199ms (cache miss)
262 timing reifyNode:node_modules/append-field Completed in 217ms
263 http fetch GET 200 https://registry.npmjs.org/js-md5/-/js-md5-0.8.3.tgz 205ms (cache miss)
264 timing reifyNode:node_modules/js-md5 Completed in 221ms
265 http fetch GET 200 https://registry.npmjs.org/mime-types/-/mime-types-2.1.35.tgz 211ms (cache miss)
266 timing reifyNode:node_modules/multer/node_modules/mime-types Completed in 235ms
267 http fetch GET 200 https://registry.npmjs.org/brotli/-/brotli-1.3.3.tgz 252ms (cache miss)
268 timing reifyNode:node_modules/brotli Completed in 266ms
269 http fetch GET 200 https://registry.npmjs.org/@swc/helpers/-/helpers-0.5.20.tgz 283ms (cache miss)
270 timing reifyNode:node_modules/@swc/helpers Completed in 299ms
271 http fetch GET 200 https://registry.npmjs.org/fast-deep-equal/-/fast-deep-equal-3.1.3.tgz 286ms (cache miss)
272 timing reifyNode:node_modules/fast-deep-equal Completed in 300ms
273 http fetch POST 200 https://registry.npmjs.org/-/npm/v1/security/advisories/bulk 308ms
274 timing auditReport:getReport Completed in 310ms
275 silly audit report {
275 silly audit report   'socket.io-parser': [
275 silly audit report     {
275 silly audit report       id: 1115154,
275 silly audit report       url: 'https://github.com/advisories/GHSA-677m-j7p3-52f9',
275 silly audit report       title: 'socket.io allows an unbounded number of binary attachments',
275 silly audit report       severity: 'high',
275 silly audit report       vulnerable_versions: '>=4.0.0 <4.2.6',
275 silly audit report       cwe: [Array],
275 silly audit report       cvss: [Object]
275 silly audit report     }
275 silly audit report   ]
275 silly audit report }
276 timing metavuln:cache:get:security-advisory:socket.io-parser:nhFOxQFkH7JAN0DaFh8c50L8nX/Wf1FAz5Bnk+lqWelLwep0vdD4S3rKxbdFI8p/cxQ8ndrxW9roprrp6952Qw== Completed in 1ms
277 http fetch GET 200 https://registry.npmjs.org/dfa/-/dfa-1.2.0.tgz 329ms (cache miss)
278 timing reifyNode:node_modules/dfa Completed in 343ms
279 http fetch GET 200 https://registry.npmjs.org/socket.io-parser 52ms (cache revalidated)
280 timing metavuln:packument:socket.io-parser Completed in 53ms
281 timing metavuln:load:security-advisory:socket.io-parser:1115154 Completed in 0ms
282 timing metavuln:calculate:security-advisory:socket.io-parser:1115154 Completed in 54ms
283 timing metavuln:cache:get:security-advisory:socket.io:7W+e49edImYc3fpgrJSENsWr3g3BoEdbaun6WYXAgI+07XSWjibX/y+Pujdh/tAWdYeqHcmqmCxu9TJV27vy6g== Completed in 1ms
284 http fetch GET 200 https://registry.npmjs.org/socket.io 51ms (cache revalidated)
285 timing metavuln:packument:socket.io Completed in 52ms
286 timing metavuln:load:security-advisory:socket.io:nhFOxQFkH7JAN0DaFh8c50L8nX/Wf1FAz5Bnk+lqWelLwep0vdD4S3rKxbdFI8p/cxQ8ndrxW9roprrp6952Qw== Completed in 1ms
287 timing metavuln:calculate:security-advisory:socket.io:nhFOxQFkH7JAN0DaFh8c50L8nX/Wf1FAz5Bnk+lqWelLwep0vdD4S3rKxbdFI8p/cxQ8ndrxW9roprrp6952Qw== Completed in 53ms
288 timing auditReport:init Completed in 107ms
289 timing reify:audit Completed in 417ms
290 http fetch GET 200 https://registry.npmjs.org/type-is/-/type-is-1.6.18.tgz 434ms (cache miss)
291 timing reifyNode:node_modules/multer/node_modules/type-is Completed in 460ms
292 http fetch GET 200 https://registry.npmjs.org/@noble/hashes/-/hashes-1.8.0.tgz 463ms (cache miss)
293 timing reifyNode:node_modules/@noble/hashes Completed in 480ms
294 http fetch GET 200 https://registry.npmjs.org/fontkit/-/fontkit-2.0.4.tgz 515ms (cache miss)
295 timing reifyNode:node_modules/fontkit Completed in 531ms
296 http fetch GET 200 https://registry.npmjs.org/pdfkit/-/pdfkit-0.18.0.tgz 867ms (cache miss)
297 timing reifyNode:node_modules/pdfkit Completed in 885ms
298 http fetch GET 200 https://registry.npmjs.org/png-js/-/png-js-1.0.0.tgz 873ms (cache miss)
299 timing reifyNode:node_modules/png-js Completed in 888ms
300 http fetch GET 200 https://registry.npmjs.org/mime-db/-/mime-db-1.52.0.tgz 1135ms (cache miss)
301 timing reifyNode:node_modules/multer/node_modules/mime-db Completed in 1155ms
302 http fetch GET 200 https://registry.npmjs.org/concat-stream/-/concat-stream-2.0.0.tgz 1162ms (cache miss)
303 timing reifyNode:node_modules/concat-stream Completed in 1180ms
304 http fetch GET 200 https://registry.npmjs.org/multer/-/multer-2.1.1.tgz 1161ms (cache miss)
305 timing reifyNode:node_modules/multer Completed in 1180ms
306 http fetch GET 200 https://registry.npmjs.org/@noble/ciphers/-/ciphers-1.3.0.tgz 1178ms (cache miss)
307 timing reifyNode:node_modules/@noble/ciphers Completed in 1194ms
308 timing reify:unpack Completed in 1194ms
309 timing reify:unretire Completed in 0ms
310 timing build:queue Completed in 1ms
311 timing build:deps Completed in 1ms
312 timing build Completed in 1ms
313 timing reify:build Completed in 1ms
314 timing reify:trash Completed in 0ms
315 timing reify:save Completed in 18ms
316 timing reify Completed in 3650ms
317 silly ADD node_modules/pako
318 silly ADD node_modules/safe-buffer
319 silly ADD node_modules/util-deprecate
320 silly ADD node_modules/string_decoder
321 silly ADD node_modules/base64-js
322 silly ADD node_modules/tslib
323 silly ADD node_modules/unicode-trie
324 silly ADD node_modules/unicode-properties
325 silly ADD node_modules/tiny-inflate
326 silly ADD node_modules/restructure
327 silly ADD node_modules/fast-deep-equal
328 silly ADD node_modules/dfa
329 silly ADD node_modules/clone
330 silly ADD node_modules/brotli
331 silly ADD node_modules/@swc/helpers
332 silly ADD node_modules/png-js
333 silly ADD node_modules/linebreak
334 silly ADD node_modules/linebreak/node_modules/base64-js
335 silly ADD node_modules/js-md5
336 silly ADD node_modules/fontkit
337 silly ADD node_modules/@noble/hashes
338 silly ADD node_modules/@noble/ciphers
339 silly ADD node_modules/typedarray
340 silly ADD node_modules/readable-stream
341 silly ADD node_modules/buffer-from
342 silly ADD node_modules/streamsearch
343 silly ADD node_modules/concat-stream
344 silly ADD node_modules/busboy
345 silly ADD node_modules/append-field
346 silly ADD node_modules/pdfkit
347 silly ADD node_modules/multer
348 silly ADD node_modules/multer/node_modules/mime-db
349 silly ADD node_modules/multer/node_modules/mime-types
350 silly ADD node_modules/multer/node_modules/media-typer
351 silly ADD node_modules/multer/node_modules/type-is
352 timing command:install Completed in 3653ms
353 verbose exit 0
354 timing npm Completed in 3764ms
355 info ok
