0 verbose cli /Users/sharabf/.local/share/mise/installs/node/18.20.2/bin/node /Users/sharabf/.local/share/mise/installs/node/18.20.2/lib/node_modules/npm/bin/npm-cli.js
1 info using npm@10.5.0
2 info using node@v18.20.2
3 timing npm:load:whichnode Completed in 0ms
4 timing config:load:defaults Completed in 1ms
5 timing config:load:file:/Users/sharabf/.local/share/mise/installs/node/18.20.2/lib/node_modules/npm/npmrc Completed in 1ms
6 timing config:load:builtin Completed in 1ms
7 timing config:load:cli Completed in 1ms
8 timing config:load:env Completed in 0ms
9 timing config:load:file:/Users/sharabf/workplace/My projects/AnonKonnect-1a7c89661c2b64282818f8f2acb0641d65f439d6/.npmrc Completed in 0ms
10 timing config:load:project Completed in 1ms
11 timing config:load:file:/Users/sharabf/.npmrc Completed in 0ms
12 timing config:load:user Completed in 1ms
13 timing config:load:file:/Users/sharabf/.local/share/mise/installs/node/18.20.2/etc/npmrc Completed in 0ms
14 timing config:load:global Completed in 0ms
15 timing config:load:setEnvs Completed in 0ms
16 timing config:load Completed in 5ms
17 timing npm:load:configload Completed in 5ms
18 timing config:load:flatten Completed in 1ms
19 timing npm:load:mkdirpcache Completed in 0ms
20 timing npm:load:mkdirplogs Completed in 0ms
21 verbose title npm install react react-dom @emoji-mart/data @emoji-mart/react esbuild
22 verbose argv "install" "react" "react-dom" "@emoji-mart/data" "@emoji-mart/react" "esbuild" "--cache" ".npm-cache"
23 timing npm:load:setTitle Completed in 1ms
24 timing npm:load:display Completed in 0ms
25 verbose logfile logs-max:10 dir:/Users/sharabf/workplace/My projects/AnonKonnect-1a7c89661c2b64282818f8f2acb0641d65f439d6/.npm-cache/_logs/2026-03-27T08_36_07_417Z-
26 verbose logfile /Users/sharabf/workplace/My projects/AnonKonnect-1a7c89661c2b64282818f8f2acb0641d65f439d6/.npm-cache/_logs/2026-03-27T08_36_07_417Z-debug-0.log
27 timing npm:load:logFile Completed in 4ms
28 timing npm:load:timers Completed in 0ms
29 timing npm:load:configScope Completed in 0ms
30 timing npm:load Completed in 16ms
31 timing arborist:ctor Completed in 0ms
32 silly logfile done cleaning log files
33 timing idealTree:init Completed in 25ms
34 timing idealTree:userRequests Completed in 1ms
35 silly idealTree buildDeps
36 silly fetch manifest react@*
37 timing arborist:ctor Completed in 0ms
38 http fetch GET 200 https://registry.npmjs.org/react 1486ms (cache miss)
39 silly fetch manifest react-dom@*
40 http fetch GET 200 https://registry.npmjs.org/react-dom 219ms (cache miss)
41 silly fetch manifest @emoji-mart/data@*
42 http fetch GET 200 https://registry.npmjs.org/@emoji-mart%2fdata 2475ms (cache miss)
43 silly fetch manifest @emoji-mart/react@*
44 http fetch GET 200 https://registry.npmjs.org/@emoji-mart%2freact 1770ms (cache miss)
45 silly fetch manifest emoji-mart@^5.2
46 http fetch GET 200 https://registry.npmjs.org/emoji-mart 879ms (cache miss)
47 silly fetch manifest react@^16.8 || ^17 || ^18
48 silly fetch manifest esbuild@*
49 http fetch GET 200 https://registry.npmjs.org/esbuild 62ms (cache miss)
50 silly placeDep ROOT @emoji-mart/data@1.2.1 OK for: anonkonnect@1.0.0 want: *
51 silly placeDep ROOT @emoji-mart/react@1.1.1 OK for: anonkonnect@1.0.0 want: *
52 silly placeDep ROOT emoji-mart@5.6.0 OK for: @emoji-mart/react@1.1.1 want: ^5.2
53 silly placeDep ROOT react@18.3.1 OK for: @emoji-mart/react@1.1.1 want: ^16.8 || ^17 || ^18
54 silly placeDep ROOT esbuild@0.27.4 OK for: anonkonnect@1.0.0 want: *
55 silly placeDep ROOT react@19.2.4 REPLACE for: anonkonnect@1.0.0 want: *
56 warn ERESOLVE overriding peer dependency {
56 warn ERESOLVE   code: 'ERESOLVE',
56 warn ERESOLVE   edge: {
56 warn ERESOLVE     type: 'peer',
56 warn ERESOLVE     name: 'react',
56 warn ERESOLVE     spec: '^16.8 || ^17 || ^18',
56 warn ERESOLVE     from: {
56 warn ERESOLVE       name: '@emoji-mart/react',
56 warn ERESOLVE       version: '1.1.1',
56 warn ERESOLVE       location: 'node_modules/@emoji-mart/react',
56 warn ERESOLVE       isWorkspace: false,
56 warn ERESOLVE       dependents: [Array]
56 warn ERESOLVE     }
56 warn ERESOLVE   },
56 warn ERESOLVE   dep: {
56 warn ERESOLVE     name: 'react',
56 warn ERESOLVE     version: '19.2.4',
56 warn ERESOLVE     whileInstalling: {
56 warn ERESOLVE       name: 'anonkonnect',
56 warn ERESOLVE       version: '1.0.0',
56 warn ERESOLVE       path: '/Users/sharabf/workplace/My projects/AnonKonnect-1a7c89661c2b64282818f8f2acb0641d65f439d6'
56 warn ERESOLVE     },
56 warn ERESOLVE     location: 'node_modules/react',
56 warn ERESOLVE     isWorkspace: false,
56 warn ERESOLVE     dependents: [ [Object] ]
56 warn ERESOLVE   },
56 warn ERESOLVE   force: false,
56 warn ERESOLVE   isMine: true,
56 warn ERESOLVE   strictPeerDeps: false,
56 warn ERESOLVE   current: {
56 warn ERESOLVE     name: 'react',
56 warn ERESOLVE     version: '18.3.1',
56 warn ERESOLVE     location: 'node_modules/react',
56 warn ERESOLVE     isWorkspace: false,
56 warn ERESOLVE     dependents: [ [Object], [Object] ]
56 warn ERESOLVE   }
56 warn ERESOLVE }
57 silly placeDep ROOT react-dom@19.2.4 OK for: anonkonnect@1.0.0 want: *
58 silly fetch manifest loose-envify@^1.1.0
59 silly fetch manifest @esbuild/aix-ppc64@0.27.4
60 silly fetch manifest @esbuild/android-arm@0.27.4
61 silly fetch manifest @esbuild/android-arm64@0.27.4
62 silly fetch manifest @esbuild/android-x64@0.27.4
63 silly fetch manifest @esbuild/darwin-arm64@0.27.4
64 silly fetch manifest @esbuild/darwin-x64@0.27.4
65 silly fetch manifest @esbuild/freebsd-arm64@0.27.4
66 silly fetch manifest @esbuild/freebsd-x64@0.27.4
67 silly fetch manifest @esbuild/linux-arm@0.27.4
68 silly fetch manifest @esbuild/linux-arm64@0.27.4
69 silly fetch manifest @esbuild/linux-ia32@0.27.4
70 silly fetch manifest @esbuild/linux-loong64@0.27.4
71 http fetch GET 200 https://registry.npmjs.org/@esbuild%2faix-ppc64 46ms (cache miss)
72 silly fetch manifest @esbuild/linux-mips64el@0.27.4
73 http fetch GET 200 https://registry.npmjs.org/@esbuild%2fandroid-arm 97ms (cache miss)
74 silly fetch manifest @esbuild/linux-ppc64@0.27.4
75 http fetch GET 200 https://registry.npmjs.org/loose-envify 109ms (cache miss)
76 silly fetch manifest @esbuild/linux-riscv64@0.27.4
77 http fetch GET 200 https://registry.npmjs.org/@esbuild%2ffreebsd-arm64 119ms (cache miss)
78 silly fetch manifest @esbuild/linux-s390x@0.27.4
79 http fetch GET 200 https://registry.npmjs.org/@esbuild%2flinux-loong64 124ms (cache miss)
80 silly fetch manifest @esbuild/linux-x64@0.27.4
81 http fetch GET 200 https://registry.npmjs.org/@esbuild%2fandroid-x64 128ms (cache miss)
82 silly fetch manifest @esbuild/netbsd-arm64@0.27.4
83 http fetch GET 200 https://registry.npmjs.org/@esbuild%2flinux-riscv64 54ms (cache miss)
84 silly fetch manifest @esbuild/netbsd-x64@0.27.4
85 http fetch GET 200 https://registry.npmjs.org/@esbuild%2flinux-x64 42ms (cache miss)
86 silly fetch manifest @esbuild/openbsd-arm64@0.27.4
87 http fetch GET 200 https://registry.npmjs.org/@esbuild%2fnetbsd-arm64 51ms (cache miss)
88 silly fetch manifest @esbuild/openbsd-x64@0.27.4
89 http fetch GET 200 https://registry.npmjs.org/@esbuild%2fnetbsd-x64 49ms (cache miss)
90 silly fetch manifest @esbuild/openharmony-arm64@0.27.4
91 http fetch GET 200 https://registry.npmjs.org/@esbuild%2fopenbsd-x64 48ms (cache miss)
92 silly fetch manifest @esbuild/sunos-x64@0.27.4
93 http fetch GET 200 https://registry.npmjs.org/@esbuild%2flinux-arm 256ms (cache miss)
94 silly fetch manifest @esbuild/win32-arm64@0.27.4
95 http fetch GET 200 https://registry.npmjs.org/@esbuild%2fsunos-x64 53ms (cache miss)
96 silly fetch manifest @esbuild/win32-ia32@0.27.4
97 http fetch GET 200 https://registry.npmjs.org/@esbuild%2flinux-ppc64 217ms (cache miss)
98 silly fetch manifest @esbuild/win32-x64@0.27.4
99 http fetch GET 200 https://registry.npmjs.org/@esbuild%2fwin32-arm64 62ms (cache miss)
100 silly fetch manifest scheduler@^0.27.0
101 http fetch GET 200 https://registry.npmjs.org/@esbuild%2fwin32-ia32 64ms (cache miss)
102 http fetch GET 200 https://registry.npmjs.org/@esbuild%2fwin32-x64 52ms (cache miss)
103 http fetch GET 200 https://registry.npmjs.org/@esbuild%2ffreebsd-x64 368ms (cache miss)
104 http fetch GET 200 https://registry.npmjs.org/@esbuild%2flinux-s390x 355ms (cache miss)
105 http fetch GET 200 https://registry.npmjs.org/@esbuild%2fopenbsd-arm64 348ms (cache miss)
106 http fetch GET 200 https://registry.npmjs.org/scheduler 201ms (cache miss)
107 http fetch GET 200 https://registry.npmjs.org/@esbuild%2fopenharmony-arm64 340ms (cache miss)
108 http fetch GET 200 https://registry.npmjs.org/@esbuild%2fdarwin-x64 699ms (cache miss)
109 http fetch GET 200 https://registry.npmjs.org/@esbuild%2flinux-mips64el 786ms (cache miss)
110 http fetch GET 200 https://registry.npmjs.org/@esbuild%2fdarwin-arm64 854ms (cache miss)
111 http fetch GET 200 https://registry.npmjs.org/@esbuild%2flinux-arm64 1237ms (cache miss)
112 http fetch GET 200 https://registry.npmjs.org/@esbuild%2flinux-ia32 1250ms (cache miss)
113 http fetch GET 200 https://registry.npmjs.org/@esbuild%2fandroid-arm64 2127ms (cache miss)
114 timing idealTree:#root Completed in 9111ms
115 timing idealTree:node_modules/@emoji-mart/data Completed in 0ms
116 timing idealTree:node_modules/@emoji-mart/react Completed in 0ms
117 timing idealTree:node_modules/emoji-mart Completed in 0ms
118 silly placeDep ROOT @esbuild/aix-ppc64@0.27.4 OK for: esbuild@0.27.4 want: 0.27.4
119 silly placeDep ROOT @esbuild/android-arm@0.27.4 OK for: esbuild@0.27.4 want: 0.27.4
120 silly placeDep ROOT @esbuild/android-arm64@0.27.4 OK for: esbuild@0.27.4 want: 0.27.4
121 silly placeDep ROOT @esbuild/android-x64@0.27.4 OK for: esbuild@0.27.4 want: 0.27.4
122 silly placeDep ROOT @esbuild/darwin-arm64@0.27.4 OK for: esbuild@0.27.4 want: 0.27.4
123 silly placeDep ROOT @esbuild/darwin-x64@0.27.4 OK for: esbuild@0.27.4 want: 0.27.4
124 silly placeDep ROOT @esbuild/freebsd-arm64@0.27.4 OK for: esbuild@0.27.4 want: 0.27.4
125 silly placeDep ROOT @esbuild/freebsd-x64@0.27.4 OK for: esbuild@0.27.4 want: 0.27.4
126 silly placeDep ROOT @esbuild/linux-arm@0.27.4 OK for: esbuild@0.27.4 want: 0.27.4
127 silly placeDep ROOT @esbuild/linux-arm64@0.27.4 OK for: esbuild@0.27.4 want: 0.27.4
128 silly placeDep ROOT @esbuild/linux-ia32@0.27.4 OK for: esbuild@0.27.4 want: 0.27.4
129 silly placeDep ROOT @esbuild/linux-loong64@0.27.4 OK for: esbuild@0.27.4 want: 0.27.4
130 silly placeDep ROOT @esbuild/linux-mips64el@0.27.4 OK for: esbuild@0.27.4 want: 0.27.4
131 silly placeDep ROOT @esbuild/linux-ppc64@0.27.4 OK for: esbuild@0.27.4 want: 0.27.4
132 silly placeDep ROOT @esbuild/linux-riscv64@0.27.4 OK for: esbuild@0.27.4 want: 0.27.4
133 silly placeDep ROOT @esbuild/linux-s390x@0.27.4 OK for: esbuild@0.27.4 want: 0.27.4
134 silly placeDep ROOT @esbuild/linux-x64@0.27.4 OK for: esbuild@0.27.4 want: 0.27.4
135 silly placeDep ROOT @esbuild/netbsd-arm64@0.27.4 OK for: esbuild@0.27.4 want: 0.27.4
136 silly placeDep ROOT @esbuild/netbsd-x64@0.27.4 OK for: esbuild@0.27.4 want: 0.27.4
137 silly placeDep ROOT @esbuild/openbsd-arm64@0.27.4 OK for: esbuild@0.27.4 want: 0.27.4
138 silly placeDep ROOT @esbuild/openbsd-x64@0.27.4 OK for: esbuild@0.27.4 want: 0.27.4
139 silly placeDep ROOT @esbuild/openharmony-arm64@0.27.4 OK for: esbuild@0.27.4 want: 0.27.4
140 silly placeDep ROOT @esbuild/sunos-x64@0.27.4 OK for: esbuild@0.27.4 want: 0.27.4
141 silly placeDep ROOT @esbuild/win32-arm64@0.27.4 OK for: esbuild@0.27.4 want: 0.27.4
142 silly placeDep ROOT @esbuild/win32-ia32@0.27.4 OK for: esbuild@0.27.4 want: 0.27.4
143 silly placeDep ROOT @esbuild/win32-x64@0.27.4 OK for: esbuild@0.27.4 want: 0.27.4
144 timing idealTree:node_modules/esbuild Completed in 17ms
145 timing idealTree:node_modules/@esbuild/aix-ppc64 Completed in 0ms
146 timing idealTree:node_modules/@esbuild/android-arm Completed in 0ms
147 timing idealTree:node_modules/@esbuild/android-arm64 Completed in 0ms
148 timing idealTree:node_modules/@esbuild/android-x64 Completed in 0ms
149 timing idealTree:node_modules/@esbuild/darwin-arm64 Completed in 0ms
150 timing idealTree:node_modules/@esbuild/darwin-x64 Completed in 0ms
151 timing idealTree:node_modules/@esbuild/freebsd-arm64 Completed in 0ms
152 timing idealTree:node_modules/@esbuild/freebsd-x64 Completed in 0ms
153 timing idealTree:node_modules/@esbuild/linux-arm Completed in 0ms
154 timing idealTree:node_modules/@esbuild/linux-arm64 Completed in 0ms
155 timing idealTree:node_modules/@esbuild/linux-ia32 Completed in 0ms
156 timing idealTree:node_modules/@esbuild/linux-loong64 Completed in 0ms
157 timing idealTree:node_modules/@esbuild/linux-mips64el Completed in 0ms
158 timing idealTree:node_modules/@esbuild/linux-ppc64 Completed in 0ms
159 timing idealTree:node_modules/@esbuild/linux-riscv64 Completed in 0ms
160 timing idealTree:node_modules/@esbuild/linux-s390x Completed in 0ms
161 timing idealTree:node_modules/@esbuild/linux-x64 Completed in 0ms
162 timing idealTree:node_modules/@esbuild/netbsd-arm64 Completed in 0ms
163 timing idealTree:node_modules/@esbuild/netbsd-x64 Completed in 0ms
164 timing idealTree:node_modules/@esbuild/openbsd-arm64 Completed in 0ms
165 timing idealTree:node_modules/@esbuild/openbsd-x64 Completed in 0ms
166 timing idealTree:node_modules/@esbuild/openharmony-arm64 Completed in 0ms
167 timing idealTree:node_modules/@esbuild/sunos-x64 Completed in 0ms
168 timing idealTree:node_modules/@esbuild/win32-arm64 Completed in 0ms
169 timing idealTree:node_modules/@esbuild/win32-ia32 Completed in 0ms
170 timing idealTree:node_modules/@esbuild/win32-x64 Completed in 0ms
171 timing idealTree:node_modules/react Completed in 0ms
172 silly placeDep ROOT scheduler@0.27.0 OK for: react-dom@19.2.4 want: ^0.27.0
173 timing idealTree:node_modules/react-dom Completed in 1ms
174 timing idealTree:node_modules/scheduler Completed in 0ms
175 timing idealTree:buildDeps Completed in 9130ms
176 timing idealTree:fixDepFlags Completed in 1ms
177 timing idealTree Completed in 9159ms
178 timing reify:loadTrees Completed in 9160ms
179 timing reify:diffTrees Completed in 3ms
180 silly reify moves {}
181 timing reify:retireShallow Completed in 1ms
182 timing reify:createSparse Completed in 3ms
183 timing reify:loadBundles Completed in 0ms
184 silly audit bulk request {
184 silly audit   '@noble/ciphers': [ '1.3.0' ],
184 silly audit   '@noble/hashes': [ '1.8.0' ],
184 silly audit   '@redis/bloom': [ '1.2.0' ],
184 silly audit   '@redis/client': [ '1.6.1' ],
184 silly audit   '@redis/graph': [ '1.1.1' ],
184 silly audit   '@redis/json': [ '1.0.7' ],
184 silly audit   '@redis/search': [ '1.2.0' ],
184 silly audit   '@redis/time-series': [ '1.1.0' ],
184 silly audit   '@socket.io/component-emitter': [ '3.1.2' ],
184 silly audit   '@socket.io/redis-adapter': [ '8.3.0' ],
184 silly audit   debug: [ '4.3.7', '4.4.3' ],
184 silly audit   '@swc/helpers': [ '0.5.20' ],
184 silly audit   '@types/cors': [ '2.8.19' ],
184 silly audit   '@types/node': [ '25.5.0' ],
184 silly audit   '@types/ws': [ '8.18.1' ],
184 silly audit   accepts: [ '2.0.0', '1.3.8' ],
184 silly audit   'append-field': [ '1.0.0' ],
184 silly audit   'base64-js': [ '1.5.1', '0.0.8' ],
184 silly audit   base64id: [ '2.0.0' ],
184 silly audit   'body-parser': [ '2.2.2' ],
184 silly audit   brotli: [ '1.3.3' ],
184 silly audit   'buffer-from': [ '1.1.2' ],
184 silly audit   busboy: [ '1.6.0' ],
184 silly audit   bytes: [ '3.1.2' ],
184 silly audit   'call-bind-apply-helpers': [ '1.0.2' ],
184 silly audit   'call-bound': [ '1.0.4' ],
184 silly audit   clone: [ '2.1.2' ],
184 silly audit   'cluster-key-slot': [ '1.1.2' ],
184 silly audit   'concat-stream': [ '2.0.0' ],
184 silly audit   'content-disposition': [ '1.0.1' ],
184 silly audit   'content-type': [ '1.0.5' ],
184 silly audit   cookie: [ '0.7.2' ],
184 silly audit   'cookie-signature': [ '1.2.2' ],
184 silly audit   cors: [ '2.8.6' ],
184 silly audit   depd: [ '2.0.0' ],
184 silly audit   dfa: [ '1.2.0' ],
184 silly audit   dotenv: [ '17.3.1' ],
184 silly audit   'dunder-proto': [ '1.0.1' ],
184 silly audit   'ee-first': [ '1.1.1' ],
184 silly audit   encodeurl: [ '2.0.0' ],
184 silly audit   'engine.io': [ '6.6.6' ],
184 silly audit   'engine.io-parser': [ '5.2.3' ],
184 silly audit   'mime-db': [ '1.52.0', '1.54.0' ],
184 silly audit   'mime-types': [ '2.1.35', '3.0.2' ],
184 silly audit   negotiator: [ '0.6.3', '1.0.0' ],
184 silly audit   'es-define-property': [ '1.0.1' ],
184 silly audit   'es-errors': [ '1.3.0' ],
184 silly audit   'es-object-atoms': [ '1.1.1' ],
184 silly audit   'escape-html': [ '1.0.3' ],
184 silly audit   etag: [ '1.8.1' ],
184 silly audit   express: [ '5.2.1' ],
184 silly audit   'express-rate-limit': [ '8.3.1' ],
184 silly audit   'fast-deep-equal': [ '3.1.3' ],
184 silly audit   finalhandler: [ '2.1.1' ],
184 silly audit   fontkit: [ '2.0.4' ],
184 silly audit   forwarded: [ '0.2.0' ],
184 silly audit   fresh: [ '2.0.0' ],
184 silly audit   'function-bind': [ '1.1.2' ],
184 silly audit   'generic-pool': [ '3.9.0' ],
184 silly audit   'get-intrinsic': [ '1.3.0' ],
184 silly audit   'get-proto': [ '1.0.1' ],
184 silly audit   gopd: [ '1.2.0' ],
184 silly audit   'has-symbols': [ '1.1.0' ],
184 silly audit   hasown: [ '2.0.2' ],
184 silly audit   'http-errors': [ '2.0.1' ],
184 silly audit   'iconv-lite': [ '0.7.2' ],
184 silly audit   inherits: [ '2.0.4' ],
184 silly audit   'ip-address': [ '10.1.0' ],
184 silly audit   'ipaddr.js': [ '1.9.1' ],
184 silly audit   'is-promise': [ '4.0.0' ],
184 silly audit   'js-md5': [ '0.8.3' ],
184 silly audit   linebreak: [ '1.1.0' ],
184 silly audit   'math-intrinsics': [ '1.1.0' ],
184 silly audit   'media-typer': [ '1.1.0', '0.3.0' ],
184 silly audit   'merge-descriptors': [ '2.0.0' ],
184 silly audit   ms: [ '2.1.3' ],
184 silly audit   multer: [ '2.1.1' ],
184 silly audit   'type-is': [ '1.6.18', '2.0.1' ],
184 silly audit   'notepack.io': [ '3.0.1' ],
184 silly audit   'object-assign': [ '4.1.1' ],
184 silly audit   'object-inspect': [ '1.13.4' ],
184 silly audit   'on-finished': [ '2.4.1' ],
184 silly audit   once: [ '1.4.0' ],
184 silly audit   pako: [ '0.2.9' ],
184 silly audit   parseurl: [ '1.3.3' ],
184 silly audit   'path-to-regexp': [ '8.3.0' ],
184 silly audit   pdfkit: [ '0.18.0' ],
184 silly audit   'png-js': [ '1.0.0' ],
184 silly audit   'proxy-addr': [ '2.0.7' ],
184 silly audit   qs: [ '6.15.0' ],
184 silly audit   'range-parser': [ '1.2.1' ],
184 silly audit   'raw-body': [ '3.0.2' ],
184 silly audit   'readable-stream': [ '3.6.2' ],
184 silly audit   redis: [ '4.7.1' ],
184 silly audit   restructure: [ '3.0.2' ],
184 silly audit   router: [ '2.2.0' ],
184 silly audit   'safe-buffer': [ '5.2.1' ],
184 silly audit   'safer-buffer': [ '2.1.2' ],
184 silly audit   send: [ '1.2.1' ],
184 silly audit   'serve-static': [ '2.2.1' ],
184 silly audit   setprototypeof: [ '1.2.0' ],
184 silly audit   'side-channel': [ '1.1.0' ],
184 silly audit   'side-channel-list': [ '1.0.0' ],
184 silly audit   'side-channel-map': [ '1.0.1' ],
184 silly audit   'side-channel-weakmap': [ '1.0.2' ],
184 silly audit   'socket.io': [ '4.8.3' ],
184 silly audit   'socket.io-adapter': [ '2.5.6' ],
184 silly audit   'socket.io-parser': [ '4.2.5' ],
184 silly audit   statuses: [ '2.0.2' ],
184 silly audit   streamsearch: [ '1.1.0' ],
184 silly audit   string_decoder: [ '1.3.0' ],
184 silly audit   'tiny-inflate': [ '1.0.3' ],
184 silly audit   toidentifier: [ '1.0.1' ],
184 silly audit   tslib: [ '2.8.1' ],
184 silly audit   typedarray: [ '0.0.6' ],
184 silly audit   uid2: [ '1.0.0' ],
184 silly audit   'undici-types': [ '7.18.2' ],
184 silly audit   'unicode-properties': [ '1.4.1' ],
184 silly audit   'unicode-trie': [ '2.0.0' ],
184 silly audit   unpipe: [ '1.0.0' ],
184 silly audit   'util-deprecate': [ '1.0.2' ],
184 silly audit   uuid: [ '13.0.0' ],
184 silly audit   vary: [ '1.1.2' ],
184 silly audit   wrappy: [ '1.0.2' ],
184 silly audit   ws: [ '8.18.3' ],
184 silly audit   yallist: [ '4.0.0' ],
184 silly audit   '@emoji-mart/data': [ '1.2.1' ],
184 silly audit   '@emoji-mart/react': [ '1.1.1' ],
184 silly audit   'emoji-mart': [ '5.6.0' ],
184 silly audit   esbuild: [ '0.27.4' ],
184 silly audit   react: [ '19.2.4' ],
184 silly audit   'react-dom': [ '19.2.4' ],
184 silly audit   '@esbuild/aix-ppc64': [ '0.27.4' ],
184 silly audit   '@esbuild/android-arm': [ '0.27.4' ],
184 silly audit   '@esbuild/android-arm64': [ '0.27.4' ],
184 silly audit   '@esbuild/android-x64': [ '0.27.4' ],
184 silly audit   '@esbuild/darwin-arm64': [ '0.27.4' ],
184 silly audit   '@esbuild/darwin-x64': [ '0.27.4' ],
184 silly audit   '@esbuild/freebsd-arm64': [ '0.27.4' ],
184 silly audit   '@esbuild/freebsd-x64': [ '0.27.4' ],
184 silly audit   '@esbuild/linux-arm': [ '0.27.4' ],
184 silly audit   '@esbuild/linux-arm64': [ '0.27.4' ],
184 silly audit   '@esbuild/linux-ia32': [ '0.27.4' ],
184 silly audit   '@esbuild/linux-loong64': [ '0.27.4' ],
184 silly audit   '@esbuild/linux-mips64el': [ '0.27.4' ],
184 silly audit   '@esbuild/linux-ppc64': [ '0.27.4' ],
184 silly audit   '@esbuild/linux-riscv64': [ '0.27.4' ],
184 silly audit   '@esbuild/linux-s390x': [ '0.27.4' ],
184 silly audit   '@esbuild/linux-x64': [ '0.27.4' ],
184 silly audit   '@esbuild/netbsd-arm64': [ '0.27.4' ],
184 silly audit   '@esbuild/netbsd-x64': [ '0.27.4' ],
184 silly audit   '@esbuild/openbsd-arm64': [ '0.27.4' ],
184 silly audit   '@esbuild/openbsd-x64': [ '0.27.4' ],
184 silly audit   '@esbuild/openharmony-arm64': [ '0.27.4' ],
184 silly audit   '@esbuild/sunos-x64': [ '0.27.4' ],
184 silly audit   '@esbuild/win32-arm64': [ '0.27.4' ],
184 silly audit   '@esbuild/win32-ia32': [ '0.27.4' ],
184 silly audit   '@esbuild/win32-x64': [ '0.27.4' ],
184 silly audit   scheduler: [ '0.27.0' ]
184 silly audit }
185 verbose reify failed optional dependency /Users/sharabf/workplace/My projects/AnonKonnect-1a7c89661c2b64282818f8f2acb0641d65f439d6/node_modules/@esbuild/win32-x64
186 silly reify mark deleted [
186 silly reify   '/Users/sharabf/workplace/My projects/AnonKonnect-1a7c89661c2b64282818f8f2acb0641d65f439d6/node_modules/@esbuild/win32-x64'
186 silly reify ]
187 verbose reify failed optional dependency /Users/sharabf/workplace/My projects/AnonKonnect-1a7c89661c2b64282818f8f2acb0641d65f439d6/node_modules/@esbuild/win32-ia32
188 silly reify mark deleted [
188 silly reify   '/Users/sharabf/workplace/My projects/AnonKonnect-1a7c89661c2b64282818f8f2acb0641d65f439d6/node_modules/@esbuild/win32-ia32'
188 silly reify ]
189 verbose reify failed optional dependency /Users/sharabf/workplace/My projects/AnonKonnect-1a7c89661c2b64282818f8f2acb0641d65f439d6/node_modules/@esbuild/win32-arm64
190 silly reify mark deleted [
190 silly reify   '/Users/sharabf/workplace/My projects/AnonKonnect-1a7c89661c2b64282818f8f2acb0641d65f439d6/node_modules/@esbuild/win32-arm64'
190 silly reify ]
191 verbose reify failed optional dependency /Users/sharabf/workplace/My projects/AnonKonnect-1a7c89661c2b64282818f8f2acb0641d65f439d6/node_modules/@esbuild/sunos-x64
192 silly reify mark deleted [
192 silly reify   '/Users/sharabf/workplace/My projects/AnonKonnect-1a7c89661c2b64282818f8f2acb0641d65f439d6/node_modules/@esbuild/sunos-x64'
192 silly reify ]
193 verbose reify failed optional dependency /Users/sharabf/workplace/My projects/AnonKonnect-1a7c89661c2b64282818f8f2acb0641d65f439d6/node_modules/@esbuild/openharmony-arm64
194 silly reify mark deleted [
194 silly reify   '/Users/sharabf/workplace/My projects/AnonKonnect-1a7c89661c2b64282818f8f2acb0641d65f439d6/node_modules/@esbuild/openharmony-arm64'
194 silly reify ]
195 verbose reify failed optional dependency /Users/sharabf/workplace/My projects/AnonKonnect-1a7c89661c2b64282818f8f2acb0641d65f439d6/node_modules/@esbuild/openbsd-x64
196 silly reify mark deleted [
196 silly reify   '/Users/sharabf/workplace/My projects/AnonKonnect-1a7c89661c2b64282818f8f2acb0641d65f439d6/node_modules/@esbuild/openbsd-x64'
196 silly reify ]
197 verbose reify failed optional dependency /Users/sharabf/workplace/My projects/AnonKonnect-1a7c89661c2b64282818f8f2acb0641d65f439d6/node_modules/@esbuild/openbsd-arm64
198 silly reify mark deleted [
198 silly reify   '/Users/sharabf/workplace/My projects/AnonKonnect-1a7c89661c2b64282818f8f2acb0641d65f439d6/node_modules/@esbuild/openbsd-arm64'
198 silly reify ]
199 verbose reify failed optional dependency /Users/sharabf/workplace/My projects/AnonKonnect-1a7c89661c2b64282818f8f2acb0641d65f439d6/node_modules/@esbuild/netbsd-x64
200 silly reify mark deleted [
200 silly reify   '/Users/sharabf/workplace/My projects/AnonKonnect-1a7c89661c2b64282818f8f2acb0641d65f439d6/node_modules/@esbuild/netbsd-x64'
200 silly reify ]
201 verbose reify failed optional dependency /Users/sharabf/workplace/My projects/AnonKonnect-1a7c89661c2b64282818f8f2acb0641d65f439d6/node_modules/@esbuild/netbsd-arm64
202 silly reify mark deleted [
202 silly reify   '/Users/sharabf/workplace/My projects/AnonKonnect-1a7c89661c2b64282818f8f2acb0641d65f439d6/node_modules/@esbuild/netbsd-arm64'
202 silly reify ]
203 verbose reify failed optional dependency /Users/sharabf/workplace/My projects/AnonKonnect-1a7c89661c2b64282818f8f2acb0641d65f439d6/node_modules/@esbuild/linux-x64
204 silly reify mark deleted [
204 silly reify   '/Users/sharabf/workplace/My projects/AnonKonnect-1a7c89661c2b64282818f8f2acb0641d65f439d6/node_modules/@esbuild/linux-x64'
204 silly reify ]
205 verbose reify failed optional dependency /Users/sharabf/workplace/My projects/AnonKonnect-1a7c89661c2b64282818f8f2acb0641d65f439d6/node_modules/@esbuild/linux-s390x
206 silly reify mark deleted [
206 silly reify   '/Users/sharabf/workplace/My projects/AnonKonnect-1a7c89661c2b64282818f8f2acb0641d65f439d6/node_modules/@esbuild/linux-s390x'
206 silly reify ]
207 verbose reify failed optional dependency /Users/sharabf/workplace/My projects/AnonKonnect-1a7c89661c2b64282818f8f2acb0641d65f439d6/node_modules/@esbuild/linux-riscv64
208 silly reify mark deleted [
208 silly reify   '/Users/sharabf/workplace/My projects/AnonKonnect-1a7c89661c2b64282818f8f2acb0641d65f439d6/node_modules/@esbuild/linux-riscv64'
208 silly reify ]
209 verbose reify failed optional dependency /Users/sharabf/workplace/My projects/AnonKonnect-1a7c89661c2b64282818f8f2acb0641d65f439d6/node_modules/@esbuild/linux-ppc64
210 silly reify mark deleted [
210 silly reify   '/Users/sharabf/workplace/My projects/AnonKonnect-1a7c89661c2b64282818f8f2acb0641d65f439d6/node_modules/@esbuild/linux-ppc64'
210 silly reify ]
211 verbose reify failed optional dependency /Users/sharabf/workplace/My projects/AnonKonnect-1a7c89661c2b64282818f8f2acb0641d65f439d6/node_modules/@esbuild/linux-mips64el
212 silly reify mark deleted [
212 silly reify   '/Users/sharabf/workplace/My projects/AnonKonnect-1a7c89661c2b64282818f8f2acb0641d65f439d6/node_modules/@esbuild/linux-mips64el'
212 silly reify ]
213 verbose reify failed optional dependency /Users/sharabf/workplace/My projects/AnonKonnect-1a7c89661c2b64282818f8f2acb0641d65f439d6/node_modules/@esbuild/linux-loong64
214 silly reify mark deleted [
214 silly reify   '/Users/sharabf/workplace/My projects/AnonKonnect-1a7c89661c2b64282818f8f2acb0641d65f439d6/node_modules/@esbuild/linux-loong64'
214 silly reify ]
215 verbose reify failed optional dependency /Users/sharabf/workplace/My projects/AnonKonnect-1a7c89661c2b64282818f8f2acb0641d65f439d6/node_modules/@esbuild/linux-ia32
216 silly reify mark deleted [
216 silly reify   '/Users/sharabf/workplace/My projects/AnonKonnect-1a7c89661c2b64282818f8f2acb0641d65f439d6/node_modules/@esbuild/linux-ia32'
216 silly reify ]
217 verbose reify failed optional dependency /Users/sharabf/workplace/My projects/AnonKonnect-1a7c89661c2b64282818f8f2acb0641d65f439d6/node_modules/@esbuild/linux-arm64
218 silly reify mark deleted [
218 silly reify   '/Users/sharabf/workplace/My projects/AnonKonnect-1a7c89661c2b64282818f8f2acb0641d65f439d6/node_modules/@esbuild/linux-arm64'
218 silly reify ]
219 verbose reify failed optional dependency /Users/sharabf/workplace/My projects/AnonKonnect-1a7c89661c2b64282818f8f2acb0641d65f439d6/node_modules/@esbuild/linux-arm
220 silly reify mark deleted [
220 silly reify   '/Users/sharabf/workplace/My projects/AnonKonnect-1a7c89661c2b64282818f8f2acb0641d65f439d6/node_modules/@esbuild/linux-arm'
220 silly reify ]
221 verbose reify failed optional dependency /Users/sharabf/workplace/My projects/AnonKonnect-1a7c89661c2b64282818f8f2acb0641d65f439d6/node_modules/@esbuild/freebsd-x64
222 silly reify mark deleted [
222 silly reify   '/Users/sharabf/workplace/My projects/AnonKonnect-1a7c89661c2b64282818f8f2acb0641d65f439d6/node_modules/@esbuild/freebsd-x64'
222 silly reify ]
223 verbose reify failed optional dependency /Users/sharabf/workplace/My projects/AnonKonnect-1a7c89661c2b64282818f8f2acb0641d65f439d6/node_modules/@esbuild/freebsd-arm64
224 silly reify mark deleted [
224 silly reify   '/Users/sharabf/workplace/My projects/AnonKonnect-1a7c89661c2b64282818f8f2acb0641d65f439d6/node_modules/@esbuild/freebsd-arm64'
224 silly reify ]
225 verbose reify failed optional dependency /Users/sharabf/workplace/My projects/AnonKonnect-1a7c89661c2b64282818f8f2acb0641d65f439d6/node_modules/@esbuild/darwin-x64
226 silly reify mark deleted [
226 silly reify   '/Users/sharabf/workplace/My projects/AnonKonnect-1a7c89661c2b64282818f8f2acb0641d65f439d6/node_modules/@esbuild/darwin-x64'
226 silly reify ]
227 verbose reify failed optional dependency /Users/sharabf/workplace/My projects/AnonKonnect-1a7c89661c2b64282818f8f2acb0641d65f439d6/node_modules/@esbuild/android-x64
228 silly reify mark deleted [
228 silly reify   '/Users/sharabf/workplace/My projects/AnonKonnect-1a7c89661c2b64282818f8f2acb0641d65f439d6/node_modules/@esbuild/android-x64'
228 silly reify ]
229 verbose reify failed optional dependency /Users/sharabf/workplace/My projects/AnonKonnect-1a7c89661c2b64282818f8f2acb0641d65f439d6/node_modules/@esbuild/android-arm64
230 silly reify mark deleted [
230 silly reify   '/Users/sharabf/workplace/My projects/AnonKonnect-1a7c89661c2b64282818f8f2acb0641d65f439d6/node_modules/@esbuild/android-arm64'
230 silly reify ]
231 verbose reify failed optional dependency /Users/sharabf/workplace/My projects/AnonKonnect-1a7c89661c2b64282818f8f2acb0641d65f439d6/node_modules/@esbuild/android-arm
232 silly reify mark deleted [
232 silly reify   '/Users/sharabf/workplace/My projects/AnonKonnect-1a7c89661c2b64282818f8f2acb0641d65f439d6/node_modules/@esbuild/android-arm'
232 silly reify ]
233 verbose reify failed optional dependency /Users/sharabf/workplace/My projects/AnonKonnect-1a7c89661c2b64282818f8f2acb0641d65f439d6/node_modules/@esbuild/aix-ppc64
234 silly reify mark deleted [
234 silly reify   '/Users/sharabf/workplace/My projects/AnonKonnect-1a7c89661c2b64282818f8f2acb0641d65f439d6/node_modules/@esbuild/aix-ppc64'
234 silly reify ]
235 timing reifyNode:node_modules/@esbuild/win32-x64 Completed in 5ms
236 timing reifyNode:node_modules/@esbuild/win32-ia32 Completed in 5ms
237 timing reifyNode:node_modules/@esbuild/win32-arm64 Completed in 4ms
238 timing reifyNode:node_modules/@esbuild/sunos-x64 Completed in 4ms
239 timing reifyNode:node_modules/@esbuild/openharmony-arm64 Completed in 4ms
240 timing reifyNode:node_modules/@esbuild/openbsd-x64 Completed in 4ms
241 timing reifyNode:node_modules/@esbuild/openbsd-arm64 Completed in 4ms
242 timing reifyNode:node_modules/@esbuild/netbsd-x64 Completed in 4ms
243 timing reifyNode:node_modules/@esbuild/netbsd-arm64 Completed in 4ms
244 timing reifyNode:node_modules/@esbuild/linux-x64 Completed in 4ms
245 timing reifyNode:node_modules/@esbuild/linux-s390x Completed in 4ms
246 timing reifyNode:node_modules/@esbuild/linux-riscv64 Completed in 4ms
247 timing reifyNode:node_modules/@esbuild/linux-ppc64 Completed in 4ms
248 timing reifyNode:node_modules/@esbuild/linux-mips64el Completed in 4ms
249 timing reifyNode:node_modules/@esbuild/linux-loong64 Completed in 4ms
250 timing reifyNode:node_modules/@esbuild/linux-ia32 Completed in 4ms
251 timing reifyNode:node_modules/@esbuild/linux-arm64 Completed in 4ms
252 timing reifyNode:node_modules/@esbuild/linux-arm Completed in 4ms
253 timing reifyNode:node_modules/@esbuild/freebsd-x64 Completed in 4ms
254 timing reifyNode:node_modules/@esbuild/freebsd-arm64 Completed in 4ms
255 timing reifyNode:node_modules/@esbuild/darwin-x64 Completed in 4ms
256 timing reifyNode:node_modules/@esbuild/android-x64 Completed in 4ms
257 timing reifyNode:node_modules/@esbuild/android-arm64 Completed in 4ms
258 timing reifyNode:node_modules/@esbuild/android-arm Completed in 4ms
259 timing reifyNode:node_modules/@esbuild/aix-ppc64 Completed in 4ms
260 silly tarball no local data for scheduler@https://registry.npmjs.org/scheduler/-/scheduler-0.27.0.tgz. Extracting by manifest.
261 silly tarball no local data for @esbuild/darwin-arm64@https://registry.npmjs.org/@esbuild/darwin-arm64/-/darwin-arm64-0.27.4.tgz. Extracting by manifest.
262 silly tarball no local data for react-dom@https://registry.npmjs.org/react-dom/-/react-dom-19.2.4.tgz. Extracting by manifest.
263 silly tarball no local data for react@https://registry.npmjs.org/react/-/react-19.2.4.tgz. Extracting by manifest.
264 silly tarball no local data for esbuild@https://registry.npmjs.org/esbuild/-/esbuild-0.27.4.tgz. Extracting by manifest.
265 silly tarball no local data for emoji-mart@https://registry.npmjs.org/emoji-mart/-/emoji-mart-5.6.0.tgz. Extracting by manifest.
266 silly tarball no local data for @emoji-mart/data@https://registry.npmjs.org/@emoji-mart/data/-/data-1.2.1.tgz. Extracting by manifest.
267 silly tarball no local data for @emoji-mart/react@https://registry.npmjs.org/@emoji-mart/react/-/react-1.1.1.tgz. Extracting by manifest.
268 http fetch GET 200 https://registry.npmjs.org/scheduler/-/scheduler-0.27.0.tgz 42ms (cache miss)
269 timing reifyNode:node_modules/scheduler Completed in 49ms
270 http fetch GET 200 https://registry.npmjs.org/react/-/react-19.2.4.tgz 47ms (cache miss)
271 timing reifyNode:node_modules/react Completed in 55ms
272 http fetch GET 200 https://registry.npmjs.org/esbuild/-/esbuild-0.27.4.tgz 57ms (cache miss)
273 timing reifyNode:node_modules/esbuild Completed in 65ms
274 http fetch POST 200 https://registry.npmjs.org/-/npm/v1/security/advisories/bulk 335ms
275 timing auditReport:getReport Completed in 338ms
276 silly audit report {
276 silly audit report   'socket.io-parser': [
276 silly audit report     {
276 silly audit report       id: 1115154,
276 silly audit report       url: 'https://github.com/advisories/GHSA-677m-j7p3-52f9',
276 silly audit report       title: 'socket.io allows an unbounded number of binary attachments',
276 silly audit report       severity: 'high',
276 silly audit report       vulnerable_versions: '>=4.0.0 <4.2.6',
276 silly audit report       cwe: [Array],
276 silly audit report       cvss: [Object]
276 silly audit report     }
276 silly audit report   ]
276 silly audit report }
277 timing metavuln:cache:get:security-advisory:socket.io-parser:nhFOxQFkH7JAN0DaFh8c50L8nX/Wf1FAz5Bnk+lqWelLwep0vdD4S3rKxbdFI8p/cxQ8ndrxW9roprrp6952Qw== Completed in 3ms
278 http fetch GET 200 https://registry.npmjs.org/@emoji-mart/react/-/react-1.1.1.tgz 351ms (cache miss)
279 timing reifyNode:node_modules/@emoji-mart/react Completed in 360ms
280 http fetch GET 200 https://registry.npmjs.org/react-dom/-/react-dom-19.2.4.tgz 560ms (cache miss)
281 timing reifyNode:node_modules/react-dom Completed in 567ms
282 http fetch GET 200 https://registry.npmjs.org/socket.io-parser 315ms (cache revalidated)
283 timing metavuln:packument:socket.io-parser Completed in 315ms
284 timing metavuln:load:security-advisory:socket.io-parser:1115154 Completed in 1ms
285 timing metavuln:calculate:security-advisory:socket.io-parser:1115154 Completed in 317ms
286 timing metavuln:cache:get:security-advisory:socket.io:7W+e49edImYc3fpgrJSENsWr3g3BoEdbaun6WYXAgI+07XSWjibX/y+Pujdh/tAWdYeqHcmqmCxu9TJV27vy6g== Completed in 2ms
287 http fetch GET 200 https://registry.npmjs.org/socket.io 92ms (cache revalidated)
288 timing metavuln:packument:socket.io Completed in 93ms
289 timing metavuln:load:security-advisory:socket.io:nhFOxQFkH7JAN0DaFh8c50L8nX/Wf1FAz5Bnk+lqWelLwep0vdD4S3rKxbdFI8p/cxQ8ndrxW9roprrp6952Qw== Completed in 1ms
290 timing metavuln:calculate:security-advisory:socket.io:nhFOxQFkH7JAN0DaFh8c50L8nX/Wf1FAz5Bnk+lqWelLwep0vdD4S3rKxbdFI8p/cxQ8ndrxW9roprrp6952Qw== Completed in 94ms
291 timing auditReport:init Completed in 411ms
292 timing reify:audit Completed in 749ms
293 http fetch GET 200 https://registry.npmjs.org/@esbuild/darwin-arm64/-/darwin-arm64-0.27.4.tgz 1177ms (cache miss)
294 timing reifyNode:node_modules/@esbuild/darwin-arm64 Completed in 1185ms
295 http fetch GET 200 https://registry.npmjs.org/emoji-mart/-/emoji-mart-5.6.0.tgz 1436ms (cache miss)
296 timing reifyNode:node_modules/emoji-mart Completed in 1444ms
297 http fetch GET 200 https://registry.npmjs.org/@emoji-mart/data/-/data-1.2.1.tgz 2079ms (cache miss)
298 timing reifyNode:node_modules/@emoji-mart/data Completed in 2087ms
299 timing reify:unpack Completed in 2088ms
300 timing reify:unretire Completed in 0ms
301 timing build:queue Completed in 1ms
302 timing build:link:node_modules/esbuild Completed in 1ms
303 timing build:link Completed in 1ms
304 info run esbuild@0.27.4 postinstall node_modules/esbuild node install.js
305 info run esbuild@0.27.4 postinstall { code: 0, signal: null }
306 timing build:run:postinstall:node_modules/esbuild Completed in 870ms
307 timing build:run:postinstall Completed in 870ms
308 timing build:deps Completed in 872ms
309 timing build Completed in 872ms
310 timing reify:build Completed in 872ms
311 timing reify:trash Completed in 1ms
312 timing reify:save Completed in 30ms
313 timing reify Completed in 12174ms
314 silly ADD node_modules/scheduler
315 silly ADD
316 silly ADD
317 silly ADD
318 silly ADD
319 silly ADD
320 silly ADD
321 silly ADD
322 silly ADD
323 silly ADD
324 silly ADD
325 silly ADD
326 silly ADD
327 silly ADD
328 silly ADD
329 silly ADD
330 silly ADD
331 silly ADD
332 silly ADD
333 silly ADD
334 silly ADD
335 silly ADD
336 silly ADD node_modules/@esbuild/darwin-arm64
337 silly ADD
338 silly ADD
339 silly ADD
340 silly ADD
341 silly ADD node_modules/react-dom
342 silly ADD node_modules/react
343 silly ADD node_modules/esbuild
344 silly ADD node_modules/emoji-mart
345 silly ADD node_modules/@emoji-mart/react
346 silly ADD node_modules/@emoji-mart/data
347 timing command:install Completed in 12176ms
348 verbose exit 0
349 timing npm Completed in 12320ms
350 info ok
