0 verbose cli /Users/sharabf/.local/share/mise/installs/node/18.20.2/bin/node /Users/sharabf/.local/share/mise/installs/node/18.20.2/lib/node_modules/npm/bin/npm-cli.js
1 info using npm@10.5.0
2 info using node@v18.20.2
3 timing npm:load:whichnode Completed in 0ms
4 timing config:load:defaults Completed in 1ms
5 timing config:load:file:/Users/sharabf/.local/share/mise/installs/node/18.20.2/lib/node_modules/npm/npmrc Completed in 1ms
6 timing config:load:builtin Completed in 1ms
7 timing config:load:cli Completed in 1ms
8 timing config:load:env Completed in 0ms
9 timing config:load:file:/Users/sharabf/workplace/My projects/AnonKonnect-1a7c89661c2b64282818f8f2acb0641d65f439d6/.npmrc Completed in 0ms
10 timing config:load:project Completed in 3ms
11 timing config:load:file:/Users/sharabf/.npmrc Completed in 0ms
12 timing config:load:user Completed in 0ms
13 timing config:load:file:/Users/sharabf/.local/share/mise/installs/node/18.20.2/etc/npmrc Completed in 0ms
14 timing config:load:global Completed in 0ms
15 timing config:load:setEnvs Completed in 0ms
16 timing config:load Completed in 6ms
17 timing npm:load:configload Completed in 6ms
18 timing config:load:flatten Completed in 1ms
19 timing npm:load:mkdirpcache Completed in 1ms
20 timing npm:load:mkdirplogs Completed in 0ms
21 verbose title npm install
22 verbose argv "install" "--cache" ".npm-cache"
23 timing npm:load:setTitle Completed in 0ms
24 timing npm:load:display Completed in 1ms
25 verbose logfile logs-max:10 dir:/Users/sharabf/workplace/My projects/AnonKonnect-1a7c89661c2b64282818f8f2acb0641d65f439d6/.npm-cache/_logs/2026-03-26T08_56_25_439Z-
26 verbose logfile /Users/sharabf/workplace/My projects/AnonKonnect-1a7c89661c2b64282818f8f2acb0641d65f439d6/.npm-cache/_logs/2026-03-26T08_56_25_439Z-debug-0.log
27 timing npm:load:logFile Completed in 3ms
28 timing npm:load:timers Completed in 0ms
29 timing npm:load:configScope Completed in 0ms
30 timing npm:load Completed in 40ms
31 timing arborist:ctor Completed in 0ms
32 silly logfile done cleaning log files
33 timing idealTree:init Completed in 34ms
34 timing idealTree:userRequests Completed in 0ms
35 silly idealTree buildDeps
36 timing idealTree:#root Completed in 0ms
37 timing idealTree:buildDeps Completed in 0ms
38 timing idealTree:fixDepFlags Completed in 1ms
39 timing idealTree Completed in 36ms
40 timing arborist:ctor Completed in 0ms
41 timing reify:loadTrees Completed in 55ms
42 timing reify:diffTrees Completed in 1ms
43 silly reify mark retired [
43 silly reify   '/Users/sharabf/workplace/My projects/AnonKonnect-1a7c89661c2b64282818f8f2acb0641d65f439d6/node_modules/@babel/code-frame'
43 silly reify ]
44 silly reify mark retired [
44 silly reify   '/Users/sharabf/workplace/My projects/AnonKonnect-1a7c89661c2b64282818f8f2acb0641d65f439d6/node_modules/@babel/helper-validator-identifier'
44 silly reify ]
45 silly reify mark retired [
45 silly reify   '/Users/sharabf/workplace/My projects/AnonKonnect-1a7c89661c2b64282818f8f2acb0641d65f439d6/node_modules/@puppeteer/browsers',
45 silly reify   '/Users/sharabf/workplace/My projects/AnonKonnect-1a7c89661c2b64282818f8f2acb0641d65f439d6/node_modules/.bin/browsers'
45 silly reify ]
46 silly reify mark retired [
46 silly reify   '/Users/sharabf/workplace/My projects/AnonKonnect-1a7c89661c2b64282818f8f2acb0641d65f439d6/node_modules/@tootallnate/quickjs-emscripten'
46 silly reify ]
47 silly reify mark retired [
47 silly reify   '/Users/sharabf/workplace/My projects/AnonKonnect-1a7c89661c2b64282818f8f2acb0641d65f439d6/node_modules/@types/yauzl'
47 silly reify ]
48 silly reify mark retired [
48 silly reify   '/Users/sharabf/workplace/My projects/AnonKonnect-1a7c89661c2b64282818f8f2acb0641d65f439d6/node_modules/agent-base'
48 silly reify ]
49 silly reify mark retired [
49 silly reify   '/Users/sharabf/workplace/My projects/AnonKonnect-1a7c89661c2b64282818f8f2acb0641d65f439d6/node_modules/ansi-regex'
49 silly reify ]
50 silly reify mark retired [
50 silly reify   '/Users/sharabf/workplace/My projects/AnonKonnect-1a7c89661c2b64282818f8f2acb0641d65f439d6/node_modules/ansi-styles'
50 silly reify ]
51 silly reify mark retired [
51 silly reify   '/Users/sharabf/workplace/My projects/AnonKonnect-1a7c89661c2b64282818f8f2acb0641d65f439d6/node_modules/argparse'
51 silly reify ]
52 silly reify mark retired [
52 silly reify   '/Users/sharabf/workplace/My projects/AnonKonnect-1a7c89661c2b64282818f8f2acb0641d65f439d6/node_modules/ast-types'
52 silly reify ]
53 silly reify mark retired [
53 silly reify   '/Users/sharabf/workplace/My projects/AnonKonnect-1a7c89661c2b64282818f8f2acb0641d65f439d6/node_modules/b4a'
53 silly reify ]
54 silly reify mark retired [
54 silly reify   '/Users/sharabf/workplace/My projects/AnonKonnect-1a7c89661c2b64282818f8f2acb0641d65f439d6/node_modules/bare-events'
54 silly reify ]
55 silly reify mark retired [
55 silly reify   '/Users/sharabf/workplace/My projects/AnonKonnect-1a7c89661c2b64282818f8f2acb0641d65f439d6/node_modules/bare-fs'
55 silly reify ]
56 silly reify mark retired [
56 silly reify   '/Users/sharabf/workplace/My projects/AnonKonnect-1a7c89661c2b64282818f8f2acb0641d65f439d6/node_modules/bare-os'
56 silly reify ]
57 silly reify mark retired [
57 silly reify   '/Users/sharabf/workplace/My projects/AnonKonnect-1a7c89661c2b64282818f8f2acb0641d65f439d6/node_modules/bare-path'
57 silly reify ]
58 silly reify mark retired [
58 silly reify   '/Users/sharabf/workplace/My projects/AnonKonnect-1a7c89661c2b64282818f8f2acb0641d65f439d6/node_modules/bare-stream'
58 silly reify ]
59 silly reify mark retired [
59 silly reify   '/Users/sharabf/workplace/My projects/AnonKonnect-1a7c89661c2b64282818f8f2acb0641d65f439d6/node_modules/bare-url'
59 silly reify ]
60 silly reify mark retired [
60 silly reify   '/Users/sharabf/workplace/My projects/AnonKonnect-1a7c89661c2b64282818f8f2acb0641d65f439d6/node_modules/basic-ftp'
60 silly reify ]
61 silly reify mark retired [
61 silly reify   '/Users/sharabf/workplace/My projects/AnonKonnect-1a7c89661c2b64282818f8f2acb0641d65f439d6/node_modules/buffer-crc32'
61 silly reify ]
62 silly reify mark retired [
62 silly reify   '/Users/sharabf/workplace/My projects/AnonKonnect-1a7c89661c2b64282818f8f2acb0641d65f439d6/node_modules/callsites'
62 silly reify ]
63 silly reify mark retired [
63 silly reify   '/Users/sharabf/workplace/My projects/AnonKonnect-1a7c89661c2b64282818f8f2acb0641d65f439d6/node_modules/chromium-bidi'
63 silly reify ]
64 silly reify mark retired [
64 silly reify   '/Users/sharabf/workplace/My projects/AnonKonnect-1a7c89661c2b64282818f8f2acb0641d65f439d6/node_modules/cliui'
64 silly reify ]
65 silly reify mark retired [
65 silly reify   '/Users/sharabf/workplace/My projects/AnonKonnect-1a7c89661c2b64282818f8f2acb0641d65f439d6/node_modules/color-convert'
65 silly reify ]
66 silly reify mark retired [
66 silly reify   '/Users/sharabf/workplace/My projects/AnonKonnect-1a7c89661c2b64282818f8f2acb0641d65f439d6/node_modules/color-name'
66 silly reify ]
67 silly reify mark retired [
67 silly reify   '/Users/sharabf/workplace/My projects/AnonKonnect-1a7c89661c2b64282818f8f2acb0641d65f439d6/node_modules/cosmiconfig'
67 silly reify ]
68 silly reify mark retired [
68 silly reify   '/Users/sharabf/workplace/My projects/AnonKonnect-1a7c89661c2b64282818f8f2acb0641d65f439d6/node_modules/data-uri-to-buffer'
68 silly reify ]
69 silly reify mark retired [
69 silly reify   '/Users/sharabf/workplace/My projects/AnonKonnect-1a7c89661c2b64282818f8f2acb0641d65f439d6/node_modules/degenerator'
69 silly reify ]
70 silly reify mark retired [
70 silly reify   '/Users/sharabf/workplace/My projects/AnonKonnect-1a7c89661c2b64282818f8f2acb0641d65f439d6/node_modules/devtools-protocol'
70 silly reify ]
71 silly reify mark retired [
71 silly reify   '/Users/sharabf/workplace/My projects/AnonKonnect-1a7c89661c2b64282818f8f2acb0641d65f439d6/node_modules/emoji-regex'
71 silly reify ]
72 silly reify mark retired [
72 silly reify   '/Users/sharabf/workplace/My projects/AnonKonnect-1a7c89661c2b64282818f8f2acb0641d65f439d6/node_modules/end-of-stream'
72 silly reify ]
73 silly reify mark retired [
73 silly reify   '/Users/sharabf/workplace/My projects/AnonKonnect-1a7c89661c2b64282818f8f2acb0641d65f439d6/node_modules/env-paths'
73 silly reify ]
74 silly reify mark retired [
74 silly reify   '/Users/sharabf/workplace/My projects/AnonKonnect-1a7c89661c2b64282818f8f2acb0641d65f439d6/node_modules/error-ex'
74 silly reify ]
75 silly reify mark retired [
75 silly reify   '/Users/sharabf/workplace/My projects/AnonKonnect-1a7c89661c2b64282818f8f2acb0641d65f439d6/node_modules/escalade'
75 silly reify ]
76 silly reify mark retired [
76 silly reify   '/Users/sharabf/workplace/My projects/AnonKonnect-1a7c89661c2b64282818f8f2acb0641d65f439d6/node_modules/escodegen',
76 silly reify   '/Users/sharabf/workplace/My projects/AnonKonnect-1a7c89661c2b64282818f8f2acb0641d65f439d6/node_modules/.bin/escodegen',
76 silly reify   '/Users/sharabf/workplace/My projects/AnonKonnect-1a7c89661c2b64282818f8f2acb0641d65f439d6/node_modules/.bin/esgenerate'
76 silly reify ]
77 silly reify mark retired [
77 silly reify   '/Users/sharabf/workplace/My projects/AnonKonnect-1a7c89661c2b64282818f8f2acb0641d65f439d6/node_modules/esprima',
77 silly reify   '/Users/sharabf/workplace/My projects/AnonKonnect-1a7c89661c2b64282818f8f2acb0641d65f439d6/node_modules/.bin/esparse',
77 silly reify   '/Users/sharabf/workplace/My projects/AnonKonnect-1a7c89661c2b64282818f8f2acb0641d65f439d6/node_modules/.bin/esvalidate'
77 silly reify ]
78 silly reify mark retired [
78 silly reify   '/Users/sharabf/workplace/My projects/AnonKonnect-1a7c89661c2b64282818f8f2acb0641d65f439d6/node_modules/estraverse'
78 silly reify ]
79 silly reify mark retired [
79 silly reify   '/Users/sharabf/workplace/My projects/AnonKonnect-1a7c89661c2b64282818f8f2acb0641d65f439d6/node_modules/esutils'
79 silly reify ]
80 silly reify mark retired [
80 silly reify   '/Users/sharabf/workplace/My projects/AnonKonnect-1a7c89661c2b64282818f8f2acb0641d65f439d6/node_modules/events-universal'
80 silly reify ]
81 silly reify mark retired [
81 silly reify   '/Users/sharabf/workplace/My projects/AnonKonnect-1a7c89661c2b64282818f8f2acb0641d65f439d6/node_modules/extract-zip',
81 silly reify   '/Users/sharabf/workplace/My projects/AnonKonnect-1a7c89661c2b64282818f8f2acb0641d65f439d6/node_modules/.bin/extract-zip'
81 silly reify ]
82 silly reify mark retired [
82 silly reify   '/Users/sharabf/workplace/My projects/AnonKonnect-1a7c89661c2b64282818f8f2acb0641d65f439d6/node_modules/fast-fifo'
82 silly reify ]
83 silly reify mark retired [
83 silly reify   '/Users/sharabf/workplace/My projects/AnonKonnect-1a7c89661c2b64282818f8f2acb0641d65f439d6/node_modules/fd-slicer'
83 silly reify ]
84 silly reify mark retired [
84 silly reify   '/Users/sharabf/workplace/My projects/AnonKonnect-1a7c89661c2b64282818f8f2acb0641d65f439d6/node_modules/get-caller-file'
84 silly reify ]
85 silly reify mark retired [
85 silly reify   '/Users/sharabf/workplace/My projects/AnonKonnect-1a7c89661c2b64282818f8f2acb0641d65f439d6/node_modules/get-stream'
85 silly reify ]
86 silly reify mark retired [
86 silly reify   '/Users/sharabf/workplace/My projects/AnonKonnect-1a7c89661c2b64282818f8f2acb0641d65f439d6/node_modules/get-uri'
86 silly reify ]
87 silly reify mark retired [
87 silly reify   '/Users/sharabf/workplace/My projects/AnonKonnect-1a7c89661c2b64282818f8f2acb0641d65f439d6/node_modules/http-proxy-agent'
87 silly reify ]
88 silly reify mark retired [
88 silly reify   '/Users/sharabf/workplace/My projects/AnonKonnect-1a7c89661c2b64282818f8f2acb0641d65f439d6/node_modules/https-proxy-agent'
88 silly reify ]
89 silly reify mark retired [
89 silly reify   '/Users/sharabf/workplace/My projects/AnonKonnect-1a7c89661c2b64282818f8f2acb0641d65f439d6/node_modules/import-fresh'
89 silly reify ]
90 silly reify mark retired [
90 silly reify   '/Users/sharabf/workplace/My projects/AnonKonnect-1a7c89661c2b64282818f8f2acb0641d65f439d6/node_modules/is-arrayish'
90 silly reify ]
91 silly reify mark retired [
91 silly reify   '/Users/sharabf/workplace/My projects/AnonKonnect-1a7c89661c2b64282818f8f2acb0641d65f439d6/node_modules/is-fullwidth-code-point'
91 silly reify ]
92 silly reify mark retired [
92 silly reify   '/Users/sharabf/workplace/My projects/AnonKonnect-1a7c89661c2b64282818f8f2acb0641d65f439d6/node_modules/js-tokens'
92 silly reify ]
93 silly reify mark retired [
93 silly reify   '/Users/sharabf/workplace/My projects/AnonKonnect-1a7c89661c2b64282818f8f2acb0641d65f439d6/node_modules/js-yaml',
93 silly reify   '/Users/sharabf/workplace/My projects/AnonKonnect-1a7c89661c2b64282818f8f2acb0641d65f439d6/node_modules/.bin/js-yaml'
93 silly reify ]
94 silly reify mark retired [
94 silly reify   '/Users/sharabf/workplace/My projects/AnonKonnect-1a7c89661c2b64282818f8f2acb0641d65f439d6/node_modules/json-parse-even-better-errors'
94 silly reify ]
95 silly reify mark retired [
95 silly reify   '/Users/sharabf/workplace/My projects/AnonKonnect-1a7c89661c2b64282818f8f2acb0641d65f439d6/node_modules/lines-and-columns'
95 silly reify ]
96 silly reify mark retired [
96 silly reify   '/Users/sharabf/workplace/My projects/AnonKonnect-1a7c89661c2b64282818f8f2acb0641d65f439d6/node_modules/lru-cache'
96 silly reify ]
97 silly reify mark retired [
97 silly reify   '/Users/sharabf/workplace/My projects/AnonKonnect-1a7c89661c2b64282818f8f2acb0641d65f439d6/node_modules/mitt'
97 silly reify ]
98 silly reify mark retired [
98 silly reify   '/Users/sharabf/workplace/My projects/AnonKonnect-1a7c89661c2b64282818f8f2acb0641d65f439d6/node_modules/netmask'
98 silly reify ]
99 silly reify mark retired [
99 silly reify   '/Users/sharabf/workplace/My projects/AnonKonnect-1a7c89661c2b64282818f8f2acb0641d65f439d6/node_modules/pac-proxy-agent'
99 silly reify ]
100 silly reify mark retired [
100 silly reify   '/Users/sharabf/workplace/My projects/AnonKonnect-1a7c89661c2b64282818f8f2acb0641d65f439d6/node_modules/pac-resolver'
100 silly reify ]
101 silly reify mark retired [
101 silly reify   '/Users/sharabf/workplace/My projects/AnonKonnect-1a7c89661c2b64282818f8f2acb0641d65f439d6/node_modules/parent-module'
101 silly reify ]
102 silly reify mark retired [
102 silly reify   '/Users/sharabf/workplace/My projects/AnonKonnect-1a7c89661c2b64282818f8f2acb0641d65f439d6/node_modules/parse-json'
102 silly reify ]
103 silly reify mark retired [
103 silly reify   '/Users/sharabf/workplace/My projects/AnonKonnect-1a7c89661c2b64282818f8f2acb0641d65f439d6/node_modules/pend'
103 silly reify ]
104 silly reify mark retired [
104 silly reify   '/Users/sharabf/workplace/My projects/AnonKonnect-1a7c89661c2b64282818f8f2acb0641d65f439d6/node_modules/picocolors'
104 silly reify ]
105 silly reify mark retired [
105 silly reify   '/Users/sharabf/workplace/My projects/AnonKonnect-1a7c89661c2b64282818f8f2acb0641d65f439d6/node_modules/progress'
105 silly reify ]
106 silly reify mark retired [
106 silly reify   '/Users/sharabf/workplace/My projects/AnonKonnect-1a7c89661c2b64282818f8f2acb0641d65f439d6/node_modules/proxy-agent'
106 silly reify ]
107 silly reify mark retired [
107 silly reify   '/Users/sharabf/workplace/My projects/AnonKonnect-1a7c89661c2b64282818f8f2acb0641d65f439d6/node_modules/proxy-from-env'
107 silly reify ]
108 silly reify mark retired [
108 silly reify   '/Users/sharabf/workplace/My projects/AnonKonnect-1a7c89661c2b64282818f8f2acb0641d65f439d6/node_modules/pump'
108 silly reify ]
109 silly reify mark retired [
109 silly reify   '/Users/sharabf/workplace/My projects/AnonKonnect-1a7c89661c2b64282818f8f2acb0641d65f439d6/node_modules/puppeteer',
109 silly reify   '/Users/sharabf/workplace/My projects/AnonKonnect-1a7c89661c2b64282818f8f2acb0641d65f439d6/node_modules/.bin/puppeteer'
109 silly reify ]
110 silly reify mark retired [
110 silly reify   '/Users/sharabf/workplace/My projects/AnonKonnect-1a7c89661c2b64282818f8f2acb0641d65f439d6/node_modules/puppeteer-core'
110 silly reify ]
111 silly reify mark retired [
111 silly reify   '/Users/sharabf/workplace/My projects/AnonKonnect-1a7c89661c2b64282818f8f2acb0641d65f439d6/node_modules/require-directory'
111 silly reify ]
112 silly reify mark retired [
112 silly reify   '/Users/sharabf/workplace/My projects/AnonKonnect-1a7c89661c2b64282818f8f2acb0641d65f439d6/node_modules/resolve-from'
112 silly reify ]
113 silly reify mark retired [
113 silly reify   '/Users/sharabf/workplace/My projects/AnonKonnect-1a7c89661c2b64282818f8f2acb0641d65f439d6/node_modules/semver',
113 silly reify   '/Users/sharabf/workplace/My projects/AnonKonnect-1a7c89661c2b64282818f8f2acb0641d65f439d6/node_modules/.bin/semver'
113 silly reify ]
114 silly reify mark retired [
114 silly reify   '/Users/sharabf/workplace/My projects/AnonKonnect-1a7c89661c2b64282818f8f2acb0641d65f439d6/node_modules/smart-buffer'
114 silly reify ]
115 silly reify mark retired [
115 silly reify   '/Users/sharabf/workplace/My projects/AnonKonnect-1a7c89661c2b64282818f8f2acb0641d65f439d6/node_modules/socks'
115 silly reify ]
116 silly reify mark retired [
116 silly reify   '/Users/sharabf/workplace/My projects/AnonKonnect-1a7c89661c2b64282818f8f2acb0641d65f439d6/node_modules/socks-proxy-agent'
116 silly reify ]
117 silly reify mark retired [
117 silly reify   '/Users/sharabf/workplace/My projects/AnonKonnect-1a7c89661c2b64282818f8f2acb0641d65f439d6/node_modules/source-map'
117 silly reify ]
118 silly reify mark retired [
118 silly reify   '/Users/sharabf/workplace/My projects/AnonKonnect-1a7c89661c2b64282818f8f2acb0641d65f439d6/node_modules/streamx'
118 silly reify ]
119 silly reify mark retired [
119 silly reify   '/Users/sharabf/workplace/My projects/AnonKonnect-1a7c89661c2b64282818f8f2acb0641d65f439d6/node_modules/string-width'
119 silly reify ]
120 silly reify mark retired [
120 silly reify   '/Users/sharabf/workplace/My projects/AnonKonnect-1a7c89661c2b64282818f8f2acb0641d65f439d6/node_modules/strip-ansi'
120 silly reify ]
121 silly reify mark retired [
121 silly reify   '/Users/sharabf/workplace/My projects/AnonKonnect-1a7c89661c2b64282818f8f2acb0641d65f439d6/node_modules/tar-fs'
121 silly reify ]
122 silly reify mark retired [
122 silly reify   '/Users/sharabf/workplace/My projects/AnonKonnect-1a7c89661c2b64282818f8f2acb0641d65f439d6/node_modules/tar-stream'
122 silly reify ]
123 silly reify mark retired [
123 silly reify   '/Users/sharabf/workplace/My projects/AnonKonnect-1a7c89661c2b64282818f8f2acb0641d65f439d6/node_modules/teex'
123 silly reify ]
124 silly reify mark retired [
124 silly reify   '/Users/sharabf/workplace/My projects/AnonKonnect-1a7c89661c2b64282818f8f2acb0641d65f439d6/node_modules/text-decoder'
124 silly reify ]
125 silly reify mark retired [
125 silly reify   '/Users/sharabf/workplace/My projects/AnonKonnect-1a7c89661c2b64282818f8f2acb0641d65f439d6/node_modules/tslib'
125 silly reify ]
126 silly reify mark retired [
126 silly reify   '/Users/sharabf/workplace/My projects/AnonKonnect-1a7c89661c2b64282818f8f2acb0641d65f439d6/node_modules/typed-query-selector'
126 silly reify ]
127 silly reify mark retired [
127 silly reify   '/Users/sharabf/workplace/My projects/AnonKonnect-1a7c89661c2b64282818f8f2acb0641d65f439d6/node_modules/webdriver-bidi-protocol'
127 silly reify ]
128 silly reify mark retired [
128 silly reify   '/Users/sharabf/workplace/My projects/AnonKonnect-1a7c89661c2b64282818f8f2acb0641d65f439d6/node_modules/wrap-ansi'
128 silly reify ]
129 silly reify mark retired [
129 silly reify   '/Users/sharabf/workplace/My projects/AnonKonnect-1a7c89661c2b64282818f8f2acb0641d65f439d6/node_modules/y18n'
129 silly reify ]
130 silly reify mark retired [
130 silly reify   '/Users/sharabf/workplace/My projects/AnonKonnect-1a7c89661c2b64282818f8f2acb0641d65f439d6/node_modules/yargs'
130 silly reify ]
131 silly reify mark retired [
131 silly reify   '/Users/sharabf/workplace/My projects/AnonKonnect-1a7c89661c2b64282818f8f2acb0641d65f439d6/node_modules/yargs-parser'
131 silly reify ]
132 silly reify mark retired [
132 silly reify   '/Users/sharabf/workplace/My projects/AnonKonnect-1a7c89661c2b64282818f8f2acb0641d65f439d6/node_modules/yauzl'
132 silly reify ]
133 silly reify mark retired [
133 silly reify   '/Users/sharabf/workplace/My projects/AnonKonnect-1a7c89661c2b64282818f8f2acb0641d65f439d6/node_modules/zod'
133 silly reify ]
134 silly reify moves {
134 silly reify   '/Users/sharabf/workplace/My projects/AnonKonnect-1a7c89661c2b64282818f8f2acb0641d65f439d6/node_modules/@babel/code-frame': '/Users/sharabf/workplace/My projects/AnonKonnect-1a7c89661c2b64282818f8f2acb0641d65f439d6/node_modules/@babel/.code-frame-OKBILLYc',
134 silly reify   '/Users/sharabf/workplace/My projects/AnonKonnect-1a7c89661c2b64282818f8f2acb0641d65f439d6/node_modules/@babel/helper-validator-identifier': '/Users/sharabf/workplace/My projects/AnonKonnect-1a7c89661c2b64282818f8f2acb0641d65f439d6/node_modules/@babel/.helper-validator-identifier-zlIMVwAS',
134 silly reify   '/Users/sharabf/workplace/My projects/AnonKonnect-1a7c89661c2b64282818f8f2acb0641d65f439d6/node_modules/@puppeteer/browsers': '/Users/sharabf/workplace/My projects/AnonKonnect-1a7c89661c2b64282818f8f2acb0641d65f439d6/node_modules/@puppeteer/.browsers-1XqTyG8Z',
134 silly reify   '/Users/sharabf/workplace/My projects/AnonKonnect-1a7c89661c2b64282818f8f2acb0641d65f439d6/node_modules/.bin/browsers': '/Users/sharabf/workplace/My projects/AnonKonnect-1a7c89661c2b64282818f8f2acb0641d65f439d6/node_modules/.bin/.browsers-iO5jblvf',
134 silly reify   '/Users/sharabf/workplace/My projects/AnonKonnect-1a7c89661c2b64282818f8f2acb0641d65f439d6/node_modules/@tootallnate/quickjs-emscripten': '/Users/sharabf/workplace/My projects/AnonKonnect-1a7c89661c2b64282818f8f2acb0641d65f439d6/node_modules/@tootallnate/.quickjs-emscripten-5BxgEoIW',
134 silly reify   '/Users/sharabf/workplace/My projects/AnonKonnect-1a7c89661c2b64282818f8f2acb0641d65f439d6/node_modules/@types/yauzl': '/Users/sharabf/workplace/My projects/AnonKonnect-1a7c89661c2b64282818f8f2acb0641d65f439d6/node_modules/@types/.yauzl-VRAKpbca',
134 silly reify   '/Users/sharabf/workplace/My projects/AnonKonnect-1a7c89661c2b64282818f8f2acb0641d65f439d6/node_modules/agent-base': '/Users/sharabf/workplace/My projects/AnonKonnect-1a7c89661c2b64282818f8f2acb0641d65f439d6/node_modules/.agent-base-gM3vulBU',
134 silly reify   '/Users/sharabf/workplace/My projects/AnonKonnect-1a7c89661c2b64282818f8f2acb0641d65f439d6/node_modules/ansi-regex': '/Users/sharabf/workplace/My projects/AnonKonnect-1a7c89661c2b64282818f8f2acb0641d65f439d6/node_modules/.ansi-regex-cFU2nQwa',
134 silly reify   '/Users/sharabf/workplace/My projects/AnonKonnect-1a7c89661c2b64282818f8f2acb0641d65f439d6/node_modules/ansi-styles': '/Users/sharabf/workplace/My projects/AnonKonnect-1a7c89661c2b64282818f8f2acb0641d65f439d6/node_modules/.ansi-styles-DceNuK9O',
134 silly reify   '/Users/sharabf/workplace/My projects/AnonKonnect-1a7c89661c2b64282818f8f2acb0641d65f439d6/node_modules/argparse': '/Users/sharabf/workplace/My projects/AnonKonnect-1a7c89661c2b64282818f8f2acb0641d65f439d6/node_modules/.argparse-UiNIxhqD',
134 silly reify   '/Users/sharabf/workplace/My projects/AnonKonnect-1a7c89661c2b64282818f8f2acb0641d65f439d6/node_modules/ast-types': '/Users/sharabf/workplace/My projects/AnonKonnect-1a7c89661c2b64282818f8f2acb0641d65f439d6/node_modules/.ast-types-39FEq9h5',
134 silly reify   '/Users/sharabf/workplace/My projects/AnonKonnect-1a7c89661c2b64282818f8f2acb0641d65f439d6/node_modules/b4a': '/Users/sharabf/workplace/My projects/AnonKonnect-1a7c89661c2b64282818f8f2acb0641d65f439d6/node_modules/.b4a-lU0JYyDl',
134 silly reify   '/Users/sharabf/workplace/My projects/AnonKonnect-1a7c89661c2b64282818f8f2acb0641d65f439d6/node_modules/bare-events': '/Users/sharabf/workplace/My projects/AnonKonnect-1a7c89661c2b64282818f8f2acb0641d65f439d6/node_modules/.bare-events-hSFlVQwg',
134 silly reify   '/Users/sharabf/workplace/My projects/AnonKonnect-1a7c89661c2b64282818f8f2acb0641d65f439d6/node_modules/bare-fs': '/Users/sharabf/workplace/My projects/AnonKonnect-1a7c89661c2b64282818f8f2acb0641d65f439d6/node_modules/.bare-fs-nCpZAu76',
134 silly reify   '/Users/sharabf/workplace/My projects/AnonKonnect-1a7c89661c2b64282818f8f2acb0641d65f439d6/node_modules/bare-os': '/Users/sharabf/workplace/My projects/AnonKonnect-1a7c89661c2b64282818f8f2acb0641d65f439d6/node_modules/.bare-os-hK4TOthb',
134 silly reify   '/Users/sharabf/workplace/My projects/AnonKonnect-1a7c89661c2b64282818f8f2acb0641d65f439d6/node_modules/bare-path': '/Users/sharabf/workplace/My projects/AnonKonnect-1a7c89661c2b64282818f8f2acb0641d65f439d6/node_modules/.bare-path-6vC47HLR',
134 silly reify   '/Users/sharabf/workplace/My projects/AnonKonnect-1a7c89661c2b64282818f8f2acb0641d65f439d6/node_modules/bare-stream': '/Users/sharabf/workplace/My projects/AnonKonnect-1a7c89661c2b64282818f8f2acb0641d65f439d6/node_modules/.bare-stream-qMjn3Ol3',
134 silly reify   '/Users/sharabf/workplace/My projects/AnonKonnect-1a7c89661c2b64282818f8f2acb0641d65f439d6/node_modules/bare-url': '/Users/sharabf/workplace/My projects/AnonKonnect-1a7c89661c2b64282818f8f2acb0641d65f439d6/node_modules/.bare-url-RhD6VoJL',
134 silly reify   '/Users/sharabf/workplace/My projects/AnonKonnect-1a7c89661c2b64282818f8f2acb0641d65f439d6/node_modules/basic-ftp': '/Users/sharabf/workplace/My projects/AnonKonnect-1a7c89661c2b64282818f8f2acb0641d65f439d6/node_modules/.basic-ftp-kIN1M0Kk',
134 silly reify   '/Users/sharabf/workplace/My projects/AnonKonnect-1a7c89661c2b64282818f8f2acb0641d65f439d6/node_modules/buffer-crc32': '/Users/sharabf/workplace/My projects/AnonKonnect-1a7c89661c2b64282818f8f2acb0641d65f439d6/node_modules/.buffer-crc32-XYJJiqew',
134 silly reify   '/Users/sharabf/workplace/My projects/AnonKonnect-1a7c89661c2b64282818f8f2acb0641d65f439d6/node_modules/callsites': '/Users/sharabf/workplace/My projects/AnonKonnect-1a7c89661c2b64282818f8f2acb0641d65f439d6/node_modules/.callsites-g0Kg1wHb',
134 silly reify   '/Users/sharabf/workplace/My projects/AnonKonnect-1a7c89661c2b64282818f8f2acb0641d65f439d6/node_modules/chromium-bidi': '/Users/sharabf/workplace/My projects/AnonKonnect-1a7c89661c2b64282818f8f2acb0641d65f439d6/node_modules/.chromium-bidi-aN5z0UuT',
134 silly reify   '/Users/sharabf/workplace/My projects/AnonKonnect-1a7c89661c2b64282818f8f2acb0641d65f439d6/node_modules/cliui': '/Users/sharabf/workplace/My projects/AnonKonnect-1a7c89661c2b64282818f8f2acb0641d65f439d6/node_modules/.cliui-bEzBE3l7',
134 silly reify   '/Users/sharabf/workplace/My projects/AnonKonnect-1a7c89661c2b64282818f8f2acb0641d65f439d6/node_modules/color-convert': '/Users/sharabf/workplace/My projects/AnonKonnect-1a7c89661c2b64282818f8f2acb0641d65f439d6/node_modules/.color-convert-4WfhP13e',
134 silly reify   '/Users/sharabf/workplace/My projects/AnonKonnect-1a7c89661c2b64282818f8f2acb0641d65f439d6/node_modules/color-name': '/Users/sharabf/workplace/My projects/AnonKonnect-1a7c89661c2b64282818f8f2acb0641d65f439d6/node_modules/.color-name-87QJsPea',
134 silly reify   '/Users/sharabf/workplace/My projects/AnonKonnect-1a7c89661c2b64282818f8f2acb0641d65f439d6/node_modules/cosmiconfig': '/Users/sharabf/workplace/My projects/AnonKonnect-1a7c89661c2b64282818f8f2acb0641d65f439d6/node_modules/.cosmiconfig-r4eWK3Sf',
134 silly reify   '/Users/sharabf/workplace/My projects/AnonKonnect-1a7c89661c2b64282818f8f2acb0641d65f439d6/node_modules/data-uri-to-buffer': '/Users/sharabf/workplace/My projects/AnonKonnect-1a7c89661c2b64282818f8f2acb0641d65f439d6/node_modules/.data-uri-to-buffer-Atdsxa1L',
134 silly reify   '/Users/sharabf/workplace/My projects/AnonKonnect-1a7c89661c2b64282818f8f2acb0641d65f439d6/node_modules/degenerator': '/Users/sharabf/workplace/My projects/AnonKonnect-1a7c89661c2b64282818f8f2acb0641d65f439d6/node_modules/.degenerator-jWZLbw22',
134 silly reify   '/Users/sharabf/workplace/My projects/AnonKonnect-1a7c89661c2b64282818f8f2acb0641d65f439d6/node_modules/devtools-protocol': '/Users/sharabf/workplace/My projects/AnonKonnect-1a7c89661c2b64282818f8f2acb0641d65f439d6/node_modules/.devtools-protocol-sQiPi00N',
134 silly reify   '/Users/sharabf/workplace/My projects/AnonKonnect-1a7c89661c2b64282818f8f2acb0641d65f439d6/node_modules/emoji-regex': '/Users/sharabf/workplace/My projects/AnonKonnect-1a7c89661c2b64282818f8f2acb0641d65f439d6/node_modules/.emoji-regex-Yj6HaI2T',
134 silly reify   '/Users/sharabf/workplace/My projects/AnonKonnect-1a7c89661c2b64282818f8f2acb0641d65f439d6/node_modules/end-of-stream': '/Users/sharabf/workplace/My projects/AnonKonnect-1a7c89661c2b64282818f8f2acb0641d65f439d6/node_modules/.end-of-stream-iofgGQky',
134 silly reify   '/Users/sharabf/workplace/My projects/AnonKonnect-1a7c89661c2b64282818f8f2acb0641d65f439d6/node_modules/env-paths': '/Users/sharabf/workplace/My projects/AnonKonnect-1a7c89661c2b64282818f8f2acb0641d65f439d6/node_modules/.env-paths-A7c2cJ9M',
134 silly reify   '/Users/sharabf/workplace/My projects/AnonKonnect-1a7c89661c2b64282818f8f2acb0641d65f439d6/node_modules/error-ex': '/Users/sharabf/workplace/My projects/AnonKonnect-1a7c89661c2b64282818f8f2acb0641d65f439d6/node_modules/.error-ex-SlugjTsa',
134 silly reify   '/Users/sharabf/workplace/My projects/AnonKonnect-1a7c89661c2b64282818f8f2acb0641d65f439d6/node_modules/escalade': '/Users/sharabf/workplace/My projects/AnonKonnect-1a7c89661c2b64282818f8f2acb0641d65f439d6/node_modules/.escalade-ULB5mGpo',
134 silly reify   '/Users/sharabf/workplace/My projects/AnonKonnect-1a7c89661c2b64282818f8f2acb0641d65f439d6/node_modules/escodegen': '/Users/sharabf/workplace/My projects/AnonKonnect-1a7c89661c2b64282818f8f2acb0641d65f439d6/node_modules/.escodegen-6NAZVgSk',
134 silly reify   '/Users/sharabf/workplace/My projects/AnonKonnect-1a7c89661c2b64282818f8f2acb0641d65f439d6/node_modules/.bin/escodegen': '/Users/sharabf/workplace/My projects/AnonKonnect-1a7c89661c2b64282818f8f2acb0641d65f439d6/node_modules/.bin/.escodegen-J2JAKpM8',
134 silly reify   '/Users/sharabf/workplace/My projects/AnonKonnect-1a7c89661c2b64282818f8f2acb0641d65f439d6/node_modules/.bin/esgenerate': '/Users/sharabf/workplace/My projects/AnonKonnect-1a7c89661c2b64282818f8f2acb0641d65f439d6/node_modules/.bin/.esgenerate-XzTifV3k',
134 silly reify   '/Users/sharabf/workplace/My projects/AnonKonnect-1a7c89661c2b64282818f8f2acb0641d65f439d6/node_modules/esprima': '/Users/sharabf/workplace/My projects/AnonKonnect-1a7c89661c2b64282818f8f2acb0641d65f439d6/node_modules/.esprima-oiM6r9VE',
134 silly reify   '/Users/sharabf/workplace/My projects/AnonKonnect-1a7c89661c2b64282818f8f2acb0641d65f439d6/node_modules/.bin/esparse': '/Users/sharabf/workplace/My projects/AnonKonnect-1a7c89661c2b64282818f8f2acb0641d65f439d6/node_modules/.bin/.esparse-QEhvalmb',
134 silly reify   '/Users/sharabf/workplace/My projects/AnonKonnect-1a7c89661c2b64282818f8f2acb0641d65f439d6/node_modules/.bin/esvalidate': '/Users/sharabf/workplace/My projects/AnonKonnect-1a7c89661c2b64282818f8f2acb0641d65f439d6/node_modules/.bin/.esvalidate-dX3OrO0X',
134 silly reify   '/Users/sharabf/workplace/My projects/AnonKonnect-1a7c89661c2b64282818f8f2acb0641d65f439d6/node_modules/estraverse': '/Users/sharabf/workplace/My projects/AnonKonnect-1a7c89661c2b64282818f8f2acb0641d65f439d6/node_modules/.estraverse-QLLRjr2L',
134 silly reify   '/Users/sharabf/workplace/My projects/AnonKonnect-1a7c89661c2b64282818f8f2acb0641d65f439d6/node_modules/esutils': '/Users/sharabf/workplace/My projects/AnonKonnect-1a7c89661c2b64282818f8f2acb0641d65f439d6/node_modules/.esutils-wa6F7MTO',
134 silly reify   '/Users/sharabf/workplace/My projects/AnonKonnect-1a7c89661c2b64282818f8f2acb0641d65f439d6/node_modules/events-universal': '/Users/sharabf/workplace/My projects/AnonKonnect-1a7c89661c2b64282818f8f2acb0641d65f439d6/node_modules/.events-universal-2bbWIdKj',
134 silly reify   '/Users/sharabf/workplace/My projects/AnonKonnect-1a7c89661c2b64282818f8f2acb0641d65f439d6/node_modules/extract-zip': '/Users/sharabf/workplace/My projects/AnonKonnect-1a7c89661c2b64282818f8f2acb0641d65f439d6/node_modules/.extract-zip-AD0kLP5h',
134 silly reify   '/Users/sharabf/workplace/My projects/AnonKonnect-1a7c89661c2b64282818f8f2acb0641d65f439d6/node_modules/.bin/extract-zip': '/Users/sharabf/workplace/My projects/AnonKonnect-1a7c89661c2b64282818f8f2acb0641d65f439d6/node_modules/.bin/.extract-zip-mrfgJmND',
134 silly reify   '/Users/sharabf/workplace/My projects/AnonKonnect-1a7c89661c2b64282818f8f2acb0641d65f439d6/node_modules/fast-fifo': '/Users/sharabf/workplace/My projects/AnonKonnect-1a7c89661c2b64282818f8f2acb0641d65f439d6/node_modules/.fast-fifo-0cngngas',
134 silly reify   '/Users/sharabf/workplace/My projects/AnonKonnect-1a7c89661c2b64282818f8f2acb0641d65f439d6/node_modules/fd-slicer': '/Users/sharabf/workplace/My projects/AnonKonnect-1a7c89661c2b64282818f8f2acb0641d65f439d6/node_modules/.fd-slicer-oMrmilRc',
134 silly reify   '/Users/sharabf/workplace/My projects/AnonKonnect-1a7c89661c2b64282818f8f2acb0641d65f439d6/node_modules/get-caller-file': '/Users/sharabf/workplace/My projects/AnonKonnect-1a7c89661c2b64282818f8f2acb0641d65f439d6/node_modules/.get-caller-file-6tMW9Vkv',
134 silly reify   '/Users/sharabf/workplace/My projects/AnonKonnect-1a7c89661c2b64282818f8f2acb0641d65f439d6/node_modules/get-stream': '/Users/sharabf/workplace/My projects/AnonKonnect-1a7c89661c2b64282818f8f2acb0641d65f439d6/node_modules/.get-stream-mDotFFRL',
134 silly reify   '/Users/sharabf/workplace/My projects/AnonKonnect-1a7c89661c2b64282818f8f2acb0641d65f439d6/node_modules/get-uri': '/Users/sharabf/workplace/My projects/AnonKonnect-1a7c89661c2b64282818f8f2acb0641d65f439d6/node_modules/.get-uri-poi7QuEr',
134 silly reify   '/Users/sharabf/workplace/My projects/AnonKonnect-1a7c89661c2b64282818f8f2acb0641d65f439d6/node_modules/http-proxy-agent': '/Users/sharabf/workplace/My projects/AnonKonnect-1a7c89661c2b64282818f8f2acb0641d65f439d6/node_modules/.http-proxy-agent-7AxMwj7C',
134 silly reify   '/Users/sharabf/workplace/My projects/AnonKonnect-1a7c89661c2b64282818f8f2acb0641d65f439d6/node_modules/https-proxy-agent': '/Users/sharabf/workplace/My projects/AnonKonnect-1a7c89661c2b64282818f8f2acb0641d65f439d6/node_modules/.https-proxy-agent-Uxmd3UEX',
134 silly reify   '/Users/sharabf/workplace/My projects/AnonKonnect-1a7c89661c2b64282818f8f2acb0641d65f439d6/node_modules/import-fresh': '/Users/sharabf/workplace/My projects/AnonKonnect-1a7c89661c2b64282818f8f2acb0641d65f439d6/node_modules/.import-fresh-s61Ex4Jc',
134 silly reify   '/Users/sharabf/workplace/My projects/AnonKonnect-1a7c89661c2b64282818f8f2acb0641d65f439d6/node_modules/is-arrayish': '/Users/sharabf/workplace/My projects/AnonKonnect-1a7c89661c2b64282818f8f2acb0641d65f439d6/node_modules/.is-arrayish-k3vQ8A0E',
134 silly reify   '/Users/sharabf/workplace/My projects/AnonKonnect-1a7c89661c2b64282818f8f2acb0641d65f439d6/node_modules/is-fullwidth-code-point': '/Users/sharabf/workplace/My projects/AnonKonnect-1a7c89661c2b64282818f8f2acb0641d65f439d6/node_modules/.is-fullwidth-code-point-dqVbrD3x',
134 silly reify   '/Users/sharabf/workplace/My projects/AnonKonnect-1a7c89661c2b64282818f8f2acb0641d65f439d6/node_modules/js-tokens': '/Users/sharabf/workplace/My projects/AnonKonnect-1a7c89661c2b64282818f8f2acb0641d65f439d6/node_modules/.js-tokens-josdSyEF',
134 silly reify   '/Users/sharabf/workplace/My projects/AnonKonnect-1a7c89661c2b64282818f8f2acb0641d65f439d6/node_modules/js-yaml': '/Users/sharabf/workplace/My projects/AnonKonnect-1a7c89661c2b64282818f8f2acb0641d65f439d6/node_modules/.js-yaml-odSEwuYw',
134 silly reify   '/Users/sharabf/workplace/My projects/AnonKonnect-1a7c89661c2b64282818f8f2acb0641d65f439d6/node_modules/.bin/js-yaml': '/Users/sharabf/workplace/My projects/AnonKonnect-1a7c89661c2b64282818f8f2acb0641d65f439d6/node_modules/.bin/.js-yaml-0Cs8wBQ7',
134 silly reify   '/Users/sharabf/workplace/My projects/AnonKonnect-1a7c89661c2b64282818f8f2acb0641d65f439d6/node_modules/json-parse-even-better-errors': '/Users/sharabf/workplace/My projects/AnonKonnect-1a7c89661c2b64282818f8f2acb0641d65f439d6/node_modules/.json-parse-even-better-errors-az7greNf',
134 silly reify   '/Users/sharabf/workplace/My projects/AnonKonnect-1a7c89661c2b64282818f8f2acb0641d65f439d6/node_modules/lines-and-columns': '/Users/sharabf/workplace/My projects/AnonKonnect-1a7c89661c2b64282818f8f2acb0641d65f439d6/node_modules/.lines-and-columns-qK3jwA54',
134 silly reify   '/Users/sharabf/workplace/My projects/AnonKonnect-1a7c89661c2b64282818f8f2acb0641d65f439d6/node_modules/lru-cache': '/Users/sharabf/workplace/My projects/AnonKonnect-1a7c89661c2b64282818f8f2acb0641d65f439d6/node_modules/.lru-cache-0u0Inj23',
134 silly reify   '/Users/sharabf/workplace/My projects/AnonKonnect-1a7c89661c2b64282818f8f2acb0641d65f439d6/node_modules/mitt': '/Users/sharabf/workplace/My projects/AnonKonnect-1a7c89661c2b64282818f8f2acb0641d65f439d6/node_modules/.mitt-k2YYuKpU',
134 silly reify   '/Users/sharabf/workplace/My projects/AnonKonnect-1a7c89661c2b64282818f8f2acb0641d65f439d6/node_modules/netmask': '/Users/sharabf/workplace/My projects/AnonKonnect-1a7c89661c2b64282818f8f2acb0641d65f439d6/node_modules/.netmask-X4tSzhnL',
134 silly reify   '/Users/sharabf/workplace/My projects/AnonKonnect-1a7c89661c2b64282818f8f2acb0641d65f439d6/node_modules/pac-proxy-agent': '/Users/sharabf/workplace/My projects/AnonKonnect-1a7c89661c2b64282818f8f2acb0641d65f439d6/node_modules/.pac-proxy-agent-iPVTAp8D',
134 silly reify   '/Users/sharabf/workplace/My projects/AnonKonnect-1a7c89661c2b64282818f8f2acb0641d65f439d6/node_modules/pac-resolver': '/Users/sharabf/workplace/My projects/AnonKonnect-1a7c89661c2b64282818f8f2acb0641d65f439d6/node_modules/.pac-resolver-Mi5skndq',
134 silly reify   '/Users/sharabf/workplace/My projects/AnonKonnect-1a7c89661c2b64282818f8f2acb0641d65f439d6/node_modules/parent-module': '/Users/sharabf/workplace/My projects/AnonKonnect-1a7c89661c2b64282818f8f2acb0641d65f439d6/node_modules/.parent-module-exH88NNh',
134 silly reify   '/Users/sharabf/workplace/My projects/AnonKonnect-1a7c89661c2b64282818f8f2acb0641d65f439d6/node_modules/parse-json': '/Users/sharabf/workplace/My projects/AnonKonnect-1a7c89661c2b64282818f8f2acb0641d65f439d6/node_modules/.parse-json-GyBoY2bR',
134 silly reify   '/Users/sharabf/workplace/My projects/AnonKonnect-1a7c89661c2b64282818f8f2acb0641d65f439d6/node_modules/pend': '/Users/sharabf/workplace/My projects/AnonKonnect-1a7c89661c2b64282818f8f2acb0641d65f439d6/node_modules/.pend-I41hbKyn',
134 silly reify   '/Users/sharabf/workplace/My projects/AnonKonnect-1a7c89661c2b64282818f8f2acb0641d65f439d6/node_modules/picocolors': '/Users/sharabf/workplace/My projects/AnonKonnect-1a7c89661c2b64282818f8f2acb0641d65f439d6/node_modules/.picocolors-y9kUVuMJ',
134 silly reify   '/Users/sharabf/workplace/My projects/AnonKonnect-1a7c89661c2b64282818f8f2acb0641d65f439d6/node_modules/progress': '/Users/sharabf/workplace/My projects/AnonKonnect-1a7c89661c2b64282818f8f2acb0641d65f439d6/node_modules/.progress-ELC1dgBt',
134 silly reify   '/Users/sharabf/workplace/My projects/AnonKonnect-1a7c89661c2b64282818f8f2acb0641d65f439d6/node_modules/proxy-agent': '/Users/sharabf/workplace/My projects/AnonKonnect-1a7c89661c2b64282818f8f2acb0641d65f439d6/node_modules/.proxy-agent-nyLUVkUh',
134 silly reify   '/Users/sharabf/workplace/My projects/AnonKonnect-1a7c89661c2b64282818f8f2acb0641d65f439d6/node_modules/proxy-from-env': '/Users/sharabf/workplace/My projects/AnonKonnect-1a7c89661c2b64282818f8f2acb0641d65f439d6/node_modules/.proxy-from-env-hPy4Eya6',
134 silly reify   '/Users/sharabf/workplace/My projects/AnonKonnect-1a7c89661c2b64282818f8f2acb0641d65f439d6/node_modules/pump': '/Users/sharabf/workplace/My projects/AnonKonnect-1a7c89661c2b64282818f8f2acb0641d65f439d6/node_modules/.pump-wYhH2R7d',
134 silly reify   '/Users/sharabf/workplace/My projects/AnonKonnect-1a7c89661c2b64282818f8f2acb0641d65f439d6/node_modules/puppeteer': '/Users/sharabf/workplace/My projects/AnonKonnect-1a7c89661c2b64282818f8f2acb0641d65f439d6/node_modules/.puppeteer-RZpoXv1D',
134 silly reify   '/Users/sharabf/workplace/My projects/AnonKonnect-1a7c89661c2b64282818f8f2acb0641d65f439d6/node_modules/.bin/puppeteer': '/Users/sharabf/workplace/My projects/AnonKonnect-1a7c89661c2b64282818f8f2acb0641d65f439d6/node_modules/.bin/.puppeteer-GFaqRl4Z',
134 silly reify   '/Users/sharabf/workplace/My projects/AnonKonnect-1a7c89661c2b64282818f8f2acb0641d65f439d6/node_modules/puppeteer-core': '/Users/sharabf/workplace/My projects/AnonKonnect-1a7c89661c2b64282818f8f2acb0641d65f439d6/node_modules/.puppeteer-core-Vc6zBKv4',
134 silly reify   '/Users/sharabf/workplace/My projects/AnonKonnect-1a7c89661c2b64282818f8f2acb0641d65f439d6/node_modules/require-directory': '/Users/sharabf/workplace/My projects/AnonKonnect-1a7c89661c2b64282818f8f2acb0641d65f439d6/node_modules/.require-directory-cHzT6ltZ',
134 silly reify   '/Users/sharabf/workplace/My projects/AnonKonnect-1a7c89661c2b64282818f8f2acb0641d65f439d6/node_modules/resolve-from': '/Users/sharabf/workplace/My projects/AnonKonnect-1a7c89661c2b64282818f8f2acb0641d65f439d6/node_modules/.resolve-from-r661PETQ',
134 silly reify   '/Users/sharabf/workplace/My projects/AnonKonnect-1a7c89661c2b64282818f8f2acb0641d65f439d6/node_modules/semver': '/Users/sharabf/workplace/My projects/AnonKonnect-1a7c89661c2b64282818f8f2acb0641d65f439d6/node_modules/.semver-IFbH9c4G',
134 silly reify   '/Users/sharabf/workplace/My projects/AnonKonnect-1a7c89661c2b64282818f8f2acb0641d65f439d6/node_modules/.bin/semver': '/Users/sharabf/workplace/My projects/AnonKonnect-1a7c89661c2b64282818f8f2acb0641d65f439d6/node_modules/.bin/.semver-HjqLWqXA',
134 silly reify   '/Users/sharabf/workplace/My projects/AnonKonnect-1a7c89661c2b64282818f8f2acb0641d65f439d6/node_modules/smart-buffer': '/Users/sharabf/workplace/My projects/AnonKonnect-1a7c89661c2b64282818f8f2acb0641d65f439d6/node_modules/.smart-buffer-d4bPVkX5',
134 silly reify   '/Users/sharabf/workplace/My projects/AnonKonnect-1a7c89661c2b64282818f8f2acb0641d65f439d6/node_modules/socks': '/Users/sharabf/workplace/My projects/AnonKonnect-1a7c89661c2b64282818f8f2acb0641d65f439d6/node_modules/.socks-5EXv5WF7',
134 silly reify   '/Users/sharabf/workplace/My projects/AnonKonnect-1a7c89661c2b64282818f8f2acb0641d65f439d6/node_modules/socks-proxy-agent': '/Users/sharabf/workplace/My projects/AnonKonnect-1a7c89661c2b64282818f8f2acb0641d65f439d6/node_modules/.socks-proxy-agent-0WD8VckZ',
134 silly reify   '/Users/sharabf/workplace/My projects/AnonKonnect-1a7c89661c2b64282818f8f2acb0641d65f439d6/node_modules/source-map': '/Users/sharabf/workplace/My projects/AnonKonnect-1a7c89661c2b64282818f8f2acb0641d65f439d6/node_modules/.source-map-cOqr96uO',
134 silly reify   '/Users/sharabf/workplace/My projects/AnonKonnect-1a7c89661c2b64282818f8f2acb0641d65f439d6/node_modules/streamx': '/Users/sharabf/workplace/My projects/AnonKonnect-1a7c89661c2b64282818f8f2acb0641d65f439d6/node_modules/.streamx-Dduu4YaA',
134 silly reify   '/Users/sharabf/workplace/My projects/AnonKonnect-1a7c89661c2b64282818f8f2acb0641d65f439d6/node_modules/string-width': '/Users/sharabf/workplace/My projects/AnonKonnect-1a7c89661c2b64282818f8f2acb0641d65f439d6/node_modules/.string-width-9qAaWRs2',
134 silly reify   '/Users/sharabf/workplace/My projects/AnonKonnect-1a7c89661c2b64282818f8f2acb0641d65f439d6/node_modules/strip-ansi': '/Users/sharabf/workplace/My projects/AnonKonnect-1a7c89661c2b64282818f8f2acb0641d65f439d6/node_modules/.strip-ansi-wpXdPAPv',
134 silly reify   '/Users/sharabf/workplace/My projects/AnonKonnect-1a7c89661c2b64282818f8f2acb0641d65f439d6/node_modules/tar-fs': '/Users/sharabf/workplace/My projects/AnonKonnect-1a7c89661c2b64282818f8f2acb0641d65f439d6/node_modules/.tar-fs-ig39LAHY',
134 silly reify   '/Users/sharabf/workplace/My projects/AnonKonnect-1a7c89661c2b64282818f8f2acb0641d65f439d6/node_modules/tar-stream': '/Users/sharabf/workplace/My projects/AnonKonnect-1a7c89661c2b64282818f8f2acb0641d65f439d6/node_modules/.tar-stream-aBqRQlnh',
134 silly reify   '/Users/sharabf/workplace/My projects/AnonKonnect-1a7c89661c2b64282818f8f2acb0641d65f439d6/node_modules/teex': '/Users/sharabf/workplace/My projects/AnonKonnect-1a7c89661c2b64282818f8f2acb0641d65f439d6/node_modules/.teex-7Xh9EUsZ',
134 silly reify   '/Users/sharabf/workplace/My projects/AnonKonnect-1a7c89661c2b64282818f8f2acb0641d65f439d6/node_modules/text-decoder': '/Users/sharabf/workplace/My projects/AnonKonnect-1a7c89661c2b64282818f8f2acb0641d65f439d6/node_modules/.text-decoder-Ouxvv7su',
134 silly reify   '/Users/sharabf/workplace/My projects/AnonKonnect-1a7c89661c2b64282818f8f2acb0641d65f439d6/node_modules/tslib': '/Users/sharabf/workplace/My projects/AnonKonnect-1a7c89661c2b64282818f8f2acb0641d65f439d6/node_modules/.tslib-vvRqrDnQ',
134 silly reify   '/Users/sharabf/workplace/My projects/AnonKonnect-1a7c89661c2b64282818f8f2acb0641d65f439d6/node_modules/typed-query-selector': '/Users/sharabf/workplace/My projects/AnonKonnect-1a7c89661c2b64282818f8f2acb0641d65f439d6/node_modules/.typed-query-selector-9g1fOYrh',
134 silly reify   '/Users/sharabf/workplace/My projects/AnonKonnect-1a7c89661c2b64282818f8f2acb0641d65f439d6/node_modules/webdriver-bidi-protocol': '/Users/sharabf/workplace/My projects/AnonKonnect-1a7c89661c2b64282818f8f2acb0641d65f439d6/node_modules/.webdriver-bidi-protocol-D1DRuygD',
134 silly reify   '/Users/sharabf/workplace/My projects/AnonKonnect-1a7c89661c2b64282818f8f2acb0641d65f439d6/node_modules/wrap-ansi': '/Users/sharabf/workplace/My projects/AnonKonnect-1a7c89661c2b64282818f8f2acb0641d65f439d6/node_modules/.wrap-ansi-ATUvBNUd',
134 silly reify   '/Users/sharabf/workplace/My projects/AnonKonnect-1a7c89661c2b64282818f8f2acb0641d65f439d6/node_modules/y18n': '/Users/sharabf/workplace/My projects/AnonKonnect-1a7c89661c2b64282818f8f2acb0641d65f439d6/node_modules/.y18n-UQxLygY0',
134 silly reify   '/Users/sharabf/workplace/My projects/AnonKonnect-1a7c89661c2b64282818f8f2acb0641d65f439d6/node_modules/yargs': '/Users/sharabf/workplace/My projects/AnonKonnect-1a7c89661c2b64282818f8f2acb0641d65f439d6/node_modules/.yargs-JtyGPSKp',
134 silly reify   '/Users/sharabf/workplace/My projects/AnonKonnect-1a7c89661c2b64282818f8f2acb0641d65f439d6/node_modules/yargs-parser': '/Users/sharabf/workplace/My projects/AnonKonnect-1a7c89661c2b64282818f8f2acb0641d65f439d6/node_modules/.yargs-parser-h5h0NhYy',
134 silly reify   '/Users/sharabf/workplace/My projects/AnonKonnect-1a7c89661c2b64282818f8f2acb0641d65f439d6/node_modules/yauzl': '/Users/sharabf/workplace/My projects/AnonKonnect-1a7c89661c2b64282818f8f2acb0641d65f439d6/node_modules/.yauzl-uFkPpr1H',
134 silly reify   '/Users/sharabf/workplace/My projects/AnonKonnect-1a7c89661c2b64282818f8f2acb0641d65f439d6/node_modules/zod': '/Users/sharabf/workplace/My projects/AnonKonnect-1a7c89661c2b64282818f8f2acb0641d65f439d6/node_modules/.zod-oVYCdOje'
134 silly reify }
135 timing reify:retireShallow Completed in 10ms
136 timing reify:createSparse Completed in 0ms
137 timing reify:loadBundles Completed in 0ms
138 silly audit bulk request {
138 silly audit   '@redis/bloom': [ '1.2.0' ],
138 silly audit   '@redis/client': [ '1.6.1' ],
138 silly audit   '@redis/graph': [ '1.1.1' ],
138 silly audit   '@redis/json': [ '1.0.7' ],
138 silly audit   '@redis/search': [ '1.2.0' ],
138 silly audit   '@redis/time-series': [ '1.1.0' ],
138 silly audit   '@socket.io/component-emitter': [ '3.1.2' ],
138 silly audit   '@socket.io/redis-adapter': [ '8.3.0' ],
138 silly audit   debug: [ '4.3.7', '4.4.3' ],
138 silly audit   '@types/cors': [ '2.8.19' ],
138 silly audit   '@types/node': [ '25.5.0' ],
138 silly audit   '@types/ws': [ '8.18.1' ],
138 silly audit   accepts: [ '2.0.0', '1.3.8' ],
138 silly audit   base64id: [ '2.0.0' ],
138 silly audit   'body-parser': [ '2.2.2' ],
138 silly audit   bytes: [ '3.1.2' ],
138 silly audit   'call-bind-apply-helpers': [ '1.0.2' ],
138 silly audit   'call-bound': [ '1.0.4' ],
138 silly audit   'cluster-key-slot': [ '1.1.2' ],
138 silly audit   'content-disposition': [ '1.0.1' ],
138 silly audit   'content-type': [ '1.0.5' ],
138 silly audit   cookie: [ '0.7.2' ],
138 silly audit   'cookie-signature': [ '1.2.2' ],
138 silly audit   cors: [ '2.8.6' ],
138 silly audit   depd: [ '2.0.0' ],
138 silly audit   dotenv: [ '17.3.1' ],
138 silly audit   'dunder-proto': [ '1.0.1' ],
138 silly audit   'ee-first': [ '1.1.1' ],
138 silly audit   encodeurl: [ '2.0.0' ],
138 silly audit   'engine.io': [ '6.6.6' ],
138 silly audit   'engine.io-parser': [ '5.2.3' ],
138 silly audit   'mime-db': [ '1.52.0', '1.54.0' ],
138 silly audit   'mime-types': [ '2.1.35', '3.0.2' ],
138 silly audit   negotiator: [ '0.6.3', '1.0.0' ],
138 silly audit   'es-define-property': [ '1.0.1' ],
138 silly audit   'es-errors': [ '1.3.0' ],
138 silly audit   'es-object-atoms': [ '1.1.1' ],
138 silly audit   'escape-html': [ '1.0.3' ],
138 silly audit   etag: [ '1.8.1' ],
138 silly audit   express: [ '5.2.1' ],
138 silly audit   'express-rate-limit': [ '8.3.1' ],
138 silly audit   finalhandler: [ '2.1.1' ],
138 silly audit   forwarded: [ '0.2.0' ],
138 silly audit   fresh: [ '2.0.0' ],
138 silly audit   'function-bind': [ '1.1.2' ],
138 silly audit   'generic-pool': [ '3.9.0' ],
138 silly audit   'get-intrinsic': [ '1.3.0' ],
138 silly audit   'get-proto': [ '1.0.1' ],
138 silly audit   gopd: [ '1.2.0' ],
138 silly audit   'has-symbols': [ '1.1.0' ],
138 silly audit   hasown: [ '2.0.2' ],
138 silly audit   'http-errors': [ '2.0.1' ],
138 silly audit   'iconv-lite': [ '0.7.2' ],
138 silly audit   inherits: [ '2.0.4' ],
138 silly audit   'ip-address': [ '10.1.0' ],
138 silly audit   'ipaddr.js': [ '1.9.1' ],
138 silly audit   'is-promise': [ '4.0.0' ],
138 silly audit   'math-intrinsics': [ '1.1.0' ],
138 silly audit   'media-typer': [ '1.1.0' ],
138 silly audit   'merge-descriptors': [ '2.0.0' ],
138 silly audit   ms: [ '2.1.3' ],
138 silly audit   'notepack.io': [ '3.0.1' ],
138 silly audit   'object-assign': [ '4.1.1' ],
138 silly audit   'object-inspect': [ '1.13.4' ],
138 silly audit   'on-finished': [ '2.4.1' ],
138 silly audit   once: [ '1.4.0' ],
138 silly audit   parseurl: [ '1.3.3' ],
138 silly audit   'path-to-regexp': [ '8.3.0' ],
138 silly audit   'proxy-addr': [ '2.0.7' ],
138 silly audit   ws: [ '8.18.3' ],
138 silly audit   qs: [ '6.15.0' ],
138 silly audit   'range-parser': [ '1.2.1' ],
138 silly audit   'raw-body': [ '3.0.2' ],
138 silly audit   redis: [ '4.7.1' ],
138 silly audit   router: [ '2.2.0' ],
138 silly audit   'safer-buffer': [ '2.1.2' ],
138 silly audit   send: [ '1.2.1' ],
138 silly audit   'serve-static': [ '2.2.1' ],
138 silly audit   setprototypeof: [ '1.2.0' ],
138 silly audit   'side-channel': [ '1.1.0' ],
138 silly audit   'side-channel-list': [ '1.0.0' ],
138 silly audit   'side-channel-map': [ '1.0.1' ],
138 silly audit   'side-channel-weakmap': [ '1.0.2' ],
138 silly audit   'socket.io': [ '4.8.3' ],
138 silly audit   'socket.io-adapter': [ '2.5.6' ],
138 silly audit   'socket.io-parser': [ '4.2.5' ],
138 silly audit   statuses: [ '2.0.2' ],
138 silly audit   toidentifier: [ '1.0.1' ],
138 silly audit   'type-is': [ '2.0.1' ],
138 silly audit   uid2: [ '1.0.0' ],
138 silly audit   'undici-types': [ '7.18.2' ],
138 silly audit   unpipe: [ '1.0.0' ],
138 silly audit   uuid: [ '13.0.0' ],
138 silly audit   vary: [ '1.1.2' ],
138 silly audit   wrappy: [ '1.0.2' ],
138 silly audit   yallist: [ '4.0.0' ]
138 silly audit }
139 timing reify:unpack Completed in 1ms
140 timing reify:unretire Completed in 1ms
141 timing build:queue Completed in 0ms
142 timing build:deps Completed in 0ms
143 timing build Completed in 0ms
144 timing reify:build Completed in 0ms
145 timing reify:trash Completed in 228ms
146 timing reify:save Completed in 13ms
147 http fetch POST 200 https://registry.npmjs.org/-/npm/v1/security/advisories/bulk 561ms
148 timing auditReport:getReport Completed in 561ms
149 silly audit report {
149 silly audit report   'socket.io-parser': [
149 silly audit report     {
149 silly audit report       id: 1115154,
149 silly audit report       url: 'https://github.com/advisories/GHSA-677m-j7p3-52f9',
149 silly audit report       title: 'socket.io allows an unbounded number of binary attachments',
149 silly audit report       severity: 'high',
149 silly audit report       vulnerable_versions: '>=4.0.0 <4.2.6',
149 silly audit report       cwe: [Array],
149 silly audit report       cvss: [Object]
149 silly audit report     }
149 silly audit report   ]
149 silly audit report }
150 timing metavuln:cache:get:security-advisory:socket.io-parser:nhFOxQFkH7JAN0DaFh8c50L8nX/Wf1FAz5Bnk+lqWelLwep0vdD4S3rKxbdFI8p/cxQ8ndrxW9roprrp6952Qw== Completed in 2ms
151 http fetch GET 200 https://registry.npmjs.org/socket.io-parser 72ms (cache miss)
152 timing metavuln:packument:socket.io-parser Completed in 74ms
153 timing metavuln:load:security-advisory:socket.io-parser:1115154 Completed in 2ms
154 timing metavuln:cache:put:security-advisory:socket.io-parser:nhFOxQFkH7JAN0DaFh8c50L8nX/Wf1FAz5Bnk+lqWelLwep0vdD4S3rKxbdFI8p/cxQ8ndrxW9roprrp6952Qw== Completed in 3ms
155 timing metavuln:calculate:security-advisory:socket.io-parser:1115154 Completed in 79ms
156 timing metavuln:cache:get:security-advisory:socket.io:7W+e49edImYc3fpgrJSENsWr3g3BoEdbaun6WYXAgI+07XSWjibX/y+Pujdh/tAWdYeqHcmqmCxu9TJV27vy6g== Completed in 0ms
157 http fetch GET 200 https://registry.npmjs.org/socket.io 65ms (cache miss)
158 timing metavuln:packument:socket.io Completed in 67ms
159 timing metavuln:load:security-advisory:socket.io:nhFOxQFkH7JAN0DaFh8c50L8nX/Wf1FAz5Bnk+lqWelLwep0vdD4S3rKxbdFI8p/cxQ8ndrxW9roprrp6952Qw== Completed in 6ms
160 timing metavuln:cache:put:security-advisory:socket.io:7W+e49edImYc3fpgrJSENsWr3g3BoEdbaun6WYXAgI+07XSWjibX/y+Pujdh/tAWdYeqHcmqmCxu9TJV27vy6g== Completed in 2ms
161 timing metavuln:calculate:security-advisory:socket.io:nhFOxQFkH7JAN0DaFh8c50L8nX/Wf1FAz5Bnk+lqWelLwep0vdD4S3rKxbdFI8p/cxQ8ndrxW9roprrp6952Qw== Completed in 75ms
162 timing auditReport:init Completed in 154ms
163 timing reify:audit Completed in 716ms
164 timing reify Completed in 784ms
165 silly REMOVE node_modules/zod
166 silly REMOVE node_modules/yauzl
167 silly REMOVE node_modules/yargs-parser
168 silly REMOVE node_modules/yargs
169 silly REMOVE node_modules/y18n
170 silly REMOVE node_modules/wrap-ansi
171 silly REMOVE node_modules/webdriver-bidi-protocol
172 silly REMOVE node_modules/typed-query-selector
173 silly REMOVE node_modules/tslib
174 silly REMOVE node_modules/text-decoder
175 silly REMOVE node_modules/teex
176 silly REMOVE node_modules/tar-stream
177 silly REMOVE node_modules/tar-fs
178 silly REMOVE node_modules/strip-ansi
179 silly REMOVE node_modules/string-width
180 silly REMOVE node_modules/streamx
181 silly REMOVE node_modules/source-map
182 silly REMOVE node_modules/socks-proxy-agent
183 silly REMOVE node_modules/socks
184 silly REMOVE node_modules/smart-buffer
185 silly REMOVE node_modules/semver
186 silly REMOVE node_modules/resolve-from
187 silly REMOVE node_modules/require-directory
188 silly REMOVE node_modules/puppeteer-core
189 silly REMOVE node_modules/puppeteer-core/node_modules/ws
190 silly REMOVE node_modules/puppeteer
191 silly REMOVE node_modules/pump
192 silly REMOVE node_modules/proxy-from-env
193 silly REMOVE node_modules/proxy-agent
194 silly REMOVE node_modules/progress
195 silly REMOVE node_modules/picocolors
196 silly REMOVE node_modules/pend
197 silly REMOVE node_modules/parse-json
198 silly REMOVE node_modules/parent-module
199 silly REMOVE node_modules/pac-resolver
200 silly REMOVE node_modules/pac-proxy-agent
201 silly REMOVE node_modules/netmask
202 silly REMOVE node_modules/mitt
203 silly REMOVE node_modules/lru-cache
204 silly REMOVE node_modules/lines-and-columns
205 silly REMOVE node_modules/json-parse-even-better-errors
206 silly REMOVE node_modules/js-yaml
207 silly REMOVE node_modules/js-tokens
208 silly REMOVE node_modules/is-fullwidth-code-point
209 silly REMOVE node_modules/is-arrayish
210 silly REMOVE node_modules/import-fresh
211 silly REMOVE node_modules/https-proxy-agent
212 silly REMOVE node_modules/http-proxy-agent
213 silly REMOVE node_modules/get-uri
214 silly REMOVE node_modules/get-stream
215 silly REMOVE node_modules/get-caller-file
216 silly REMOVE node_modules/fd-slicer
217 silly REMOVE node_modules/fast-fifo
218 silly REMOVE node_modules/extract-zip
219 silly REMOVE node_modules/events-universal
220 silly REMOVE node_modules/esutils
221 silly REMOVE node_modules/estraverse
222 silly REMOVE node_modules/esprima
223 silly REMOVE node_modules/escodegen
224 silly REMOVE node_modules/escalade
225 silly REMOVE node_modules/error-ex
226 silly REMOVE node_modules/env-paths
227 silly REMOVE node_modules/end-of-stream
228 silly REMOVE node_modules/emoji-regex
229 silly REMOVE node_modules/devtools-protocol
230 silly REMOVE node_modules/degenerator
231 silly REMOVE node_modules/data-uri-to-buffer
232 silly REMOVE node_modules/cosmiconfig
233 silly REMOVE node_modules/color-name
234 silly REMOVE node_modules/color-convert
235 silly REMOVE node_modules/cliui
236 silly REMOVE node_modules/chromium-bidi
237 silly REMOVE node_modules/callsites
238 silly REMOVE node_modules/buffer-crc32
239 silly REMOVE node_modules/basic-ftp
240 silly REMOVE node_modules/bare-url
241 silly REMOVE node_modules/bare-stream
242 silly REMOVE node_modules/bare-path
243 silly REMOVE node_modules/bare-os
244 silly REMOVE node_modules/bare-fs
245 silly REMOVE node_modules/bare-events
246 silly REMOVE node_modules/b4a
247 silly REMOVE node_modules/ast-types
248 silly REMOVE node_modules/argparse
249 silly REMOVE node_modules/ansi-styles
250 silly REMOVE node_modules/ansi-regex
251 silly REMOVE node_modules/agent-base
252 silly REMOVE node_modules/@types/yauzl
253 silly REMOVE node_modules/@tootallnate/quickjs-emscripten
254 silly REMOVE node_modules/@puppeteer/browsers
255 silly REMOVE node_modules/@babel/helper-validator-identifier
256 silly REMOVE node_modules/@babel/code-frame
257 timing command:install Completed in 790ms
258 verbose exit 0
259 timing npm Completed in 969ms
260 info ok
